
AVRASM ver. 2.1.30  F:\EWS-Bascorro\Bascorro v2\New folder\SPI New\List\w.asm Wed Apr 04 00:36:01 2018

F:\EWS-Bascorro\Bascorro v2\New folder\SPI New\List\w.asm(1078): warning: Register r3 already defined by the .DEF directive
F:\EWS-Bascorro\Bascorro v2\New folder\SPI New\List\w.asm(1079): warning: Register r5 already defined by the .DEF directive
F:\EWS-Bascorro\Bascorro v2\New folder\SPI New\List\w.asm(1080): warning: Register r8 already defined by the .DEF directive
F:\EWS-Bascorro\Bascorro v2\New folder\SPI New\List\w.asm(1081): warning: Register r7 already defined by the .DEF directive
F:\EWS-Bascorro\Bascorro v2\New folder\SPI New\List\w.asm(1082): warning: Register r10 already defined by the .DEF directive
F:\EWS-Bascorro\Bascorro v2\New folder\SPI New\List\w.asm(1083): warning: Register r9 already defined by the .DEF directive
                 
                 
                 ;CodeVisionAVR C Compiler V2.05.3 Standard
                 ;(C) Copyright 1998-2011 Pavel Haiduc, HP InfoTech s.r.l.
                 ;http://www.hpinfotech.com
                 
                 ;Chip type                : ATmega2560
                 ;Program type             : Application
                 ;Clock frequency          : 16.000000 MHz
                 ;Memory model             : Small
                 ;Optimize for             : Size
                 ;(s)printf features       : int, width
                 ;(s)scanf features        : int, width
                 ;External RAM size        : 0
                 ;Data Stack size          : 2048 byte(s)
                 ;Heap size                : 0 byte(s)
                 ;Promote 'char' to 'int'  : Yes
                 ;'char' is unsigned       : Yes
                 ;8 bit enums              : Yes
                 ;Global 'const' stored in FLASH     : No
                 ;Enhanced function parameter passing: Yes
                 ;Enhanced core instructions         : On
                 ;Smart register allocation          : On
                 ;Automatic register allocation      : On
                 
                 	#pragma AVRPART ADMIN PART_NAME ATmega2560
                 	#pragma AVRPART MEMORY PROG_FLASH 262144
                 	#pragma AVRPART MEMORY EEPROM 4096
                 	#pragma AVRPART MEMORY INT_SRAM SIZE 8703
                 	#pragma AVRPART MEMORY INT_SRAM START_ADDR 0x200
                 
                 	#define CALL_SUPPORTED 1
                 
                 	.LISTMAC
                 	.EQU EERE=0x0
                 	.EQU EEWE=0x1
                 	.EQU EEMWE=0x2
                 	.EQU UDRE=0x5
                 	.EQU RXC=0x7
                 	.EQU EECR=0x1F
                 	.EQU EEDR=0x20
                 	.EQU EEARL=0x21
                 	.EQU EEARH=0x22
                 	.EQU SPSR=0x2D
                 	.EQU SPDR=0x2E
                 	.EQU SMCR=0x33
                 	.EQU MCUSR=0x34
                 	.EQU MCUCR=0x35
                 	.EQU WDTCSR=0x60
                 	.EQU UCSR0A=0xC0
                 	.EQU UDR0=0xC6
                 	.EQU RAMPZ=0x3B
                 	.EQU EIND=0x3C
                 	.EQU SPL=0x3D
                 	.EQU SPH=0x3E
                 	.EQU SREG=0x3F
                 	.EQU XMCRA=0x74
                 	.EQU XMCRB=0x75
                 	.EQU GPIOR0=0x1E
                 
                 	.DEF R0X0=R0
                 	.DEF R0X1=R1
                 	.DEF R0X2=R2
                 	.DEF R0X3=R3
                 	.DEF R0X4=R4
                 	.DEF R0X5=R5
                 	.DEF R0X6=R6
                 	.DEF R0X7=R7
                 	.DEF R0X8=R8
                 	.DEF R0X9=R9
                 	.DEF R0XA=R10
                 	.DEF R0XB=R11
                 	.DEF R0XC=R12
                 	.DEF R0XD=R13
                 	.DEF R0XE=R14
                 	.DEF R0XF=R15
                 	.DEF R0X10=R16
                 	.DEF R0X11=R17
                 	.DEF R0X12=R18
                 	.DEF R0X13=R19
                 	.DEF R0X14=R20
                 	.DEF R0X15=R21
                 	.DEF R0X16=R22
                 	.DEF R0X17=R23
                 	.DEF R0X18=R24
                 	.DEF R0X19=R25
                 	.DEF R0X1A=R26
                 	.DEF R0X1B=R27
                 	.DEF R0X1C=R28
                 	.DEF R0X1D=R29
                 	.DEF R0X1E=R30
                 	.DEF R0X1F=R31
                 
                 	.EQU __SRAM_START=0x0200
                 	.EQU __SRAM_END=0x21FF
                 	.EQU __DSTACK_SIZE=0x0800
                 	.EQU __HEAP_SIZE=0x0000
                 	.EQU __CLEAR_SRAM_SIZE=__SRAM_END-__SRAM_START+1
                 
                 	.MACRO __CPD1N
                 	CPI  R30,LOW(@0)
                 	LDI  R26,HIGH(@0)
                 	CPC  R31,R26
                 	LDI  R26,BYTE3(@0)
                 	CPC  R22,R26
                 	LDI  R26,BYTE4(@0)
                 	CPC  R23,R26
                 	.ENDM
                 
                 	.MACRO __CPD2N
                 	CPI  R26,LOW(@0)
                 	LDI  R30,HIGH(@0)
                 	CPC  R27,R30
                 	LDI  R30,BYTE3(@0)
                 	CPC  R24,R30
                 	LDI  R30,BYTE4(@0)
                 	CPC  R25,R30
                 	.ENDM
                 
                 	.MACRO __CPWRR
                 	CP   R@0,R@2
                 	CPC  R@1,R@3
                 	.ENDM
                 
                 	.MACRO __CPWRN
                 	CPI  R@0,LOW(@2)
                 	LDI  R30,HIGH(@2)
                 	CPC  R@1,R30
                 	.ENDM
                 
                 	.MACRO __ADDB1MN
                 	SUBI R30,LOW(-@0-(@1))
                 	.ENDM
                 
                 	.MACRO __ADDB2MN
                 	SUBI R26,LOW(-@0-(@1))
                 	.ENDM
                 
                 	.MACRO __ADDW1MN
                 	SUBI R30,LOW(-@0-(@1))
                 	SBCI R31,HIGH(-@0-(@1))
                 	.ENDM
                 
                 	.MACRO __ADDW2MN
                 	SUBI R26,LOW(-@0-(@1))
                 	SBCI R27,HIGH(-@0-(@1))
                 	.ENDM
                 
                 	.MACRO __ADDW1FN
                 	SUBI R30,LOW(-2*@0-(@1))
                 	SBCI R31,HIGH(-2*@0-(@1))
                 	.ENDM
                 
                 	.MACRO __ADDD1FN
                 	SUBI R30,LOW(-2*@0-(@1))
                 	SBCI R31,HIGH(-2*@0-(@1))
                 	SBCI R22,BYTE3(-2*@0-(@1))
                 	.ENDM
                 
                 	.MACRO __ADDD1N
                 	SUBI R30,LOW(-@0)
                 	SBCI R31,HIGH(-@0)
                 	SBCI R22,BYTE3(-@0)
                 	SBCI R23,BYTE4(-@0)
                 	.ENDM
                 
                 	.MACRO __ADDD2N
                 	SUBI R26,LOW(-@0)
                 	SBCI R27,HIGH(-@0)
                 	SBCI R24,BYTE3(-@0)
                 	SBCI R25,BYTE4(-@0)
                 	.ENDM
                 
                 	.MACRO __SUBD1N
                 	SUBI R30,LOW(@0)
                 	SBCI R31,HIGH(@0)
                 	SBCI R22,BYTE3(@0)
                 	SBCI R23,BYTE4(@0)
                 	.ENDM
                 
                 	.MACRO __SUBD2N
                 	SUBI R26,LOW(@0)
                 	SBCI R27,HIGH(@0)
                 	SBCI R24,BYTE3(@0)
                 	SBCI R25,BYTE4(@0)
                 	.ENDM
                 
                 	.MACRO __ANDBMNN
                 	LDS  R30,@0+(@1)
                 	ANDI R30,LOW(@2)
                 	STS  @0+(@1),R30
                 	.ENDM
                 
                 	.MACRO __ANDWMNN
                 	LDS  R30,@0+(@1)
                 	ANDI R30,LOW(@2)
                 	STS  @0+(@1),R30
                 	LDS  R30,@0+(@1)+1
                 	ANDI R30,HIGH(@2)
                 	STS  @0+(@1)+1,R30
                 	.ENDM
                 
                 	.MACRO __ANDD1N
                 	ANDI R30,LOW(@0)
                 	ANDI R31,HIGH(@0)
                 	ANDI R22,BYTE3(@0)
                 	ANDI R23,BYTE4(@0)
                 	.ENDM
                 
                 	.MACRO __ANDD2N
                 	ANDI R26,LOW(@0)
                 	ANDI R27,HIGH(@0)
                 	ANDI R24,BYTE3(@0)
                 	ANDI R25,BYTE4(@0)
                 	.ENDM
                 
                 	.MACRO __ORBMNN
                 	LDS  R30,@0+(@1)
                 	ORI  R30,LOW(@2)
                 	STS  @0+(@1),R30
                 	.ENDM
                 
                 	.MACRO __ORWMNN
                 	LDS  R30,@0+(@1)
                 	ORI  R30,LOW(@2)
                 	STS  @0+(@1),R30
                 	LDS  R30,@0+(@1)+1
                 	ORI  R30,HIGH(@2)
                 	STS  @0+(@1)+1,R30
                 	.ENDM
                 
                 	.MACRO __ORD1N
                 	ORI  R30,LOW(@0)
                 	ORI  R31,HIGH(@0)
                 	ORI  R22,BYTE3(@0)
                 	ORI  R23,BYTE4(@0)
                 	.ENDM
                 
                 	.MACRO __ORD2N
                 	ORI  R26,LOW(@0)
                 	ORI  R27,HIGH(@0)
                 	ORI  R24,BYTE3(@0)
                 	ORI  R25,BYTE4(@0)
                 	.ENDM
                 
                 	.MACRO __DELAY_USB
                 	LDI  R24,LOW(@0)
                 __DELAY_USB_LOOP:
                 	DEC  R24
                 	BRNE __DELAY_USB_LOOP
                 	.ENDM
                 
                 	.MACRO __DELAY_USW
                 	LDI  R24,LOW(@0)
                 	LDI  R25,HIGH(@0)
                 __DELAY_USW_LOOP:
                 	SBIW R24,1
                 	BRNE __DELAY_USW_LOOP
                 	.ENDM
                 
                 	.MACRO __GETD1S
                 	LDD  R30,Y+@0
                 	LDD  R31,Y+@0+1
                 	LDD  R22,Y+@0+2
                 	LDD  R23,Y+@0+3
                 	.ENDM
                 
                 	.MACRO __GETD2S
                 	LDD  R26,Y+@0
                 	LDD  R27,Y+@0+1
                 	LDD  R24,Y+@0+2
                 	LDD  R25,Y+@0+3
                 	.ENDM
                 
                 	.MACRO __PUTD1S
                 	STD  Y+@0,R30
                 	STD  Y+@0+1,R31
                 	STD  Y+@0+2,R22
                 	STD  Y+@0+3,R23
                 	.ENDM
                 
                 	.MACRO __PUTD2S
                 	STD  Y+@0,R26
                 	STD  Y+@0+1,R27
                 	STD  Y+@0+2,R24
                 	STD  Y+@0+3,R25
                 	.ENDM
                 
                 	.MACRO __PUTDZ2
                 	STD  Z+@0,R26
                 	STD  Z+@0+1,R27
                 	STD  Z+@0+2,R24
                 	STD  Z+@0+3,R25
                 	.ENDM
                 
                 	.MACRO __CLRD1S
                 	STD  Y+@0,R30
                 	STD  Y+@0+1,R30
                 	STD  Y+@0+2,R30
                 	STD  Y+@0+3,R30
                 	.ENDM
                 
                 	.MACRO __POINTB1MN
                 	LDI  R30,LOW(@0+(@1))
                 	.ENDM
                 
                 	.MACRO __POINTW1MN
                 	LDI  R30,LOW(@0+(@1))
                 	LDI  R31,HIGH(@0+(@1))
                 	.ENDM
                 
                 	.MACRO __POINTD1M
                 	LDI  R30,LOW(@0)
                 	LDI  R31,HIGH(@0)
                 	LDI  R22,BYTE3(@0)
                 	LDI  R23,BYTE4(@0)
                 	.ENDM
                 
                 	.MACRO __POINTW1FN
                 	LDI  R30,LOW(2*@0+(@1))
                 	LDI  R31,HIGH(2*@0+(@1))
                 	.ENDM
                 
                 	.MACRO __POINTD1FN
                 	LDI  R30,LOW(2*@0+(@1))
                 	LDI  R31,HIGH(2*@0+(@1))
                 	LDI  R22,BYTE3(2*@0+(@1))
                 	LDI  R23,BYTE4(2*@0+(@1))
                 	.ENDM
                 
                 	.MACRO __POINTB2MN
                 	LDI  R26,LOW(@0+(@1))
                 	.ENDM
                 
                 	.MACRO __POINTW2MN
                 	LDI  R26,LOW(@0+(@1))
                 	LDI  R27,HIGH(@0+(@1))
                 	.ENDM
                 
                 	.MACRO __POINTW2FN
                 	LDI  R26,LOW(2*@0+(@1))
                 	LDI  R27,HIGH(2*@0+(@1))
                 	.ENDM
                 
                 	.MACRO __POINTD2FN
                 	LDI  R26,LOW(2*@0+(@1))
                 	LDI  R27,HIGH(2*@0+(@1))
                 	LDI  R24,BYTE3(2*@0+(@1))
                 	LDI  R25,BYTE4(2*@0+(@1))
                 	.ENDM
                 
                 	.MACRO __POINTBRM
                 	LDI  R@0,LOW(@1)
                 	.ENDM
                 
                 	.MACRO __POINTWRM
                 	LDI  R@0,LOW(@2)
                 	LDI  R@1,HIGH(@2)
                 	.ENDM
                 
                 	.MACRO __POINTBRMN
                 	LDI  R@0,LOW(@1+(@2))
                 	.ENDM
                 
                 	.MACRO __POINTWRMN
                 	LDI  R@0,LOW(@2+(@3))
                 	LDI  R@1,HIGH(@2+(@3))
                 	.ENDM
                 
                 	.MACRO __POINTWRFN
                 	LDI  R@0,LOW(@2*2+(@3))
                 	LDI  R@1,HIGH(@2*2+(@3))
                 	.ENDM
                 
                 	.MACRO __GETD1N
                 	LDI  R30,LOW(@0)
                 	LDI  R31,HIGH(@0)
                 	LDI  R22,BYTE3(@0)
                 	LDI  R23,BYTE4(@0)
                 	.ENDM
                 
                 	.MACRO __GETD2N
                 	LDI  R26,LOW(@0)
                 	LDI  R27,HIGH(@0)
                 	LDI  R24,BYTE3(@0)
                 	LDI  R25,BYTE4(@0)
                 	.ENDM
                 
                 	.MACRO __GETB1MN
                 	LDS  R30,@0+(@1)
                 	.ENDM
                 
                 	.MACRO __GETB1HMN
                 	LDS  R31,@0+(@1)
                 	.ENDM
                 
                 	.MACRO __GETW1MN
                 	LDS  R30,@0+(@1)
                 	LDS  R31,@0+(@1)+1
                 	.ENDM
                 
                 	.MACRO __GETD1MN
                 	LDS  R30,@0+(@1)
                 	LDS  R31,@0+(@1)+1
                 	LDS  R22,@0+(@1)+2
                 	LDS  R23,@0+(@1)+3
                 	.ENDM
                 
                 	.MACRO __GETBRMN
                 	LDS  R@0,@1+(@2)
                 	.ENDM
                 
                 	.MACRO __GETWRMN
                 	LDS  R@0,@2+(@3)
                 	LDS  R@1,@2+(@3)+1
                 	.ENDM
                 
                 	.MACRO __GETWRZ
                 	LDD  R@0,Z+@2
                 	LDD  R@1,Z+@2+1
                 	.ENDM
                 
                 	.MACRO __GETD2Z
                 	LDD  R26,Z+@0
                 	LDD  R27,Z+@0+1
                 	LDD  R24,Z+@0+2
                 	LDD  R25,Z+@0+3
                 	.ENDM
                 
                 	.MACRO __GETB2MN
                 	LDS  R26,@0+(@1)
                 	.ENDM
                 
                 	.MACRO __GETW2MN
                 	LDS  R26,@0+(@1)
                 	LDS  R27,@0+(@1)+1
                 	.ENDM
                 
                 	.MACRO __GETD2MN
                 	LDS  R26,@0+(@1)
                 	LDS  R27,@0+(@1)+1
                 	LDS  R24,@0+(@1)+2
                 	LDS  R25,@0+(@1)+3
                 	.ENDM
                 
                 	.MACRO __PUTB1MN
                 	STS  @0+(@1),R30
                 	.ENDM
                 
                 	.MACRO __PUTW1MN
                 	STS  @0+(@1),R30
                 	STS  @0+(@1)+1,R31
                 	.ENDM
                 
                 	.MACRO __PUTD1MN
                 	STS  @0+(@1),R30
                 	STS  @0+(@1)+1,R31
                 	STS  @0+(@1)+2,R22
                 	STS  @0+(@1)+3,R23
                 	.ENDM
                 
                 	.MACRO __PUTB1EN
                 	LDI  R26,LOW(@0+(@1))
                 	LDI  R27,HIGH(@0+(@1))
                 	CALL __EEPROMWRB
                 	.ENDM
                 
                 	.MACRO __PUTW1EN
                 	LDI  R26,LOW(@0+(@1))
                 	LDI  R27,HIGH(@0+(@1))
                 	CALL __EEPROMWRW
                 	.ENDM
                 
                 	.MACRO __PUTD1EN
                 	LDI  R26,LOW(@0+(@1))
                 	LDI  R27,HIGH(@0+(@1))
                 	CALL __EEPROMWRD
                 	.ENDM
                 
                 	.MACRO __PUTBR0MN
                 	STS  @0+(@1),R0
                 	.ENDM
                 
                 	.MACRO __PUTBMRN
                 	STS  @0+(@1),R@2
                 	.ENDM
                 
                 	.MACRO __PUTWMRN
                 	STS  @0+(@1),R@2
                 	STS  @0+(@1)+1,R@3
                 	.ENDM
                 
                 	.MACRO __PUTBZR
                 	STD  Z+@1,R@0
                 	.ENDM
                 
                 	.MACRO __PUTWZR
                 	STD  Z+@2,R@0
                 	STD  Z+@2+1,R@1
                 	.ENDM
                 
                 	.MACRO __GETW1R
                 	MOV  R30,R@0
                 	MOV  R31,R@1
                 	.ENDM
                 
                 	.MACRO __GETW2R
                 	MOV  R26,R@0
                 	MOV  R27,R@1
                 	.ENDM
                 
                 	.MACRO __GETWRN
                 	LDI  R@0,LOW(@2)
                 	LDI  R@1,HIGH(@2)
                 	.ENDM
                 
                 	.MACRO __PUTW1R
                 	MOV  R@0,R30
                 	MOV  R@1,R31
                 	.ENDM
                 
                 	.MACRO __PUTW2R
                 	MOV  R@0,R26
                 	MOV  R@1,R27
                 	.ENDM
                 
                 	.MACRO __ADDWRN
                 	SUBI R@0,LOW(-@2)
                 	SBCI R@1,HIGH(-@2)
                 	.ENDM
                 
                 	.MACRO __ADDWRR
                 	ADD  R@0,R@2
                 	ADC  R@1,R@3
                 	.ENDM
                 
                 	.MACRO __SUBWRN
                 	SUBI R@0,LOW(@2)
                 	SBCI R@1,HIGH(@2)
                 	.ENDM
                 
                 	.MACRO __SUBWRR
                 	SUB  R@0,R@2
                 	SBC  R@1,R@3
                 	.ENDM
                 
                 	.MACRO __ANDWRN
                 	ANDI R@0,LOW(@2)
                 	ANDI R@1,HIGH(@2)
                 	.ENDM
                 
                 	.MACRO __ANDWRR
                 	AND  R@0,R@2
                 	AND  R@1,R@3
                 	.ENDM
                 
                 	.MACRO __ORWRN
                 	ORI  R@0,LOW(@2)
                 	ORI  R@1,HIGH(@2)
                 	.ENDM
                 
                 	.MACRO __ORWRR
                 	OR   R@0,R@2
                 	OR   R@1,R@3
                 	.ENDM
                 
                 	.MACRO __EORWRR
                 	EOR  R@0,R@2
                 	EOR  R@1,R@3
                 	.ENDM
                 
                 	.MACRO __GETWRS
                 	LDD  R@0,Y+@2
                 	LDD  R@1,Y+@2+1
                 	.ENDM
                 
                 	.MACRO __PUTBSR
                 	STD  Y+@1,R@0
                 	.ENDM
                 
                 	.MACRO __PUTWSR
                 	STD  Y+@2,R@0
                 	STD  Y+@2+1,R@1
                 	.ENDM
                 
                 	.MACRO __MOVEWRR
                 	MOV  R@0,R@2
                 	MOV  R@1,R@3
                 	.ENDM
                 
                 	.MACRO __INWR
                 	IN   R@0,@2
                 	IN   R@1,@2+1
                 	.ENDM
                 
                 	.MACRO __OUTWR
                 	OUT  @2+1,R@1
                 	OUT  @2,R@0
                 	.ENDM
                 
                 	.MACRO __CALL1MN
                 	LDS  R30,@0+(@1)
                 	LDS  R31,@0+(@1)+1
                 	ICALL
                 	.ENDM
                 
                 	.MACRO __CALL1FN
                 	LDI  R30,LOW(2*@0+(@1))
                 	LDI  R31,HIGH(2*@0+(@1))
                 	CALL __GETW1PF
                 	ICALL
                 	.ENDM
                 
                 	.MACRO __CALL2EN
                 	LDI  R26,LOW(@0+(@1))
                 	LDI  R27,HIGH(@0+(@1))
                 	CALL __EEPROMRDW
                 	ICALL
                 	.ENDM
                 
                 	.MACRO __GETW1STACK
                 	IN   R26,SPL
                 	IN   R27,SPH
                 	ADIW R26,@0+1
                 	LD   R30,X+
                 	LD   R31,X
                 	.ENDM
                 
                 	.MACRO __GETD1STACK
                 	IN   R26,SPL
                 	IN   R27,SPH
                 	ADIW R26,@0+1
                 	LD   R30,X+
                 	LD   R31,X+
                 	LD   R22,X
                 	.ENDM
                 
                 	.MACRO __NBST
                 	BST  R@0,@1
                 	IN   R30,SREG
                 	LDI  R31,0x40
                 	EOR  R30,R31
                 	OUT  SREG,R30
                 	.ENDM
                 
                 
                 	.MACRO __PUTB1SN
                 	LDD  R26,Y+@0
                 	LDD  R27,Y+@0+1
                 	SUBI R26,LOW(-@1)
                 	SBCI R27,HIGH(-@1)
                 	ST   X,R30
                 	.ENDM
                 
                 	.MACRO __PUTW1SN
                 	LDD  R26,Y+@0
                 	LDD  R27,Y+@0+1
                 	SUBI R26,LOW(-@1)
                 	SBCI R27,HIGH(-@1)
                 	ST   X+,R30
                 	ST   X,R31
                 	.ENDM
                 
                 	.MACRO __PUTD1SN
                 	LDD  R26,Y+@0
                 	LDD  R27,Y+@0+1
                 	SUBI R26,LOW(-@1)
                 	SBCI R27,HIGH(-@1)
                 	CALL __PUTDP1
                 	.ENDM
                 
                 	.MACRO __PUTB1SNS
                 	LDD  R26,Y+@0
                 	LDD  R27,Y+@0+1
                 	ADIW R26,@1
                 	ST   X,R30
                 	.ENDM
                 
                 	.MACRO __PUTW1SNS
                 	LDD  R26,Y+@0
                 	LDD  R27,Y+@0+1
                 	ADIW R26,@1
                 	ST   X+,R30
                 	ST   X,R31
                 	.ENDM
                 
                 	.MACRO __PUTD1SNS
                 	LDD  R26,Y+@0
                 	LDD  R27,Y+@0+1
                 	ADIW R26,@1
                 	CALL __PUTDP1
                 	.ENDM
                 
                 	.MACRO __PUTB1PMN
                 	LDS  R26,@0
                 	LDS  R27,@0+1
                 	SUBI R26,LOW(-@1)
                 	SBCI R27,HIGH(-@1)
                 	ST   X,R30
                 	.ENDM
                 
                 	.MACRO __PUTW1PMN
                 	LDS  R26,@0
                 	LDS  R27,@0+1
                 	SUBI R26,LOW(-@1)
                 	SBCI R27,HIGH(-@1)
                 	ST   X+,R30
                 	ST   X,R31
                 	.ENDM
                 
                 	.MACRO __PUTD1PMN
                 	LDS  R26,@0
                 	LDS  R27,@0+1
                 	SUBI R26,LOW(-@1)
                 	SBCI R27,HIGH(-@1)
                 	CALL __PUTDP1
                 	.ENDM
                 
                 	.MACRO __PUTB1PMNS
                 	LDS  R26,@0
                 	LDS  R27,@0+1
                 	ADIW R26,@1
                 	ST   X,R30
                 	.ENDM
                 
                 	.MACRO __PUTW1PMNS
                 	LDS  R26,@0
                 	LDS  R27,@0+1
                 	ADIW R26,@1
                 	ST   X+,R30
                 	ST   X,R31
                 	.ENDM
                 
                 	.MACRO __PUTD1PMNS
                 	LDS  R26,@0
                 	LDS  R27,@0+1
                 	ADIW R26,@1
                 	CALL __PUTDP1
                 	.ENDM
                 
                 	.MACRO __PUTB1RN
                 	MOVW R26,R@0
                 	SUBI R26,LOW(-@1)
                 	SBCI R27,HIGH(-@1)
                 	ST   X,R30
                 	.ENDM
                 
                 	.MACRO __PUTW1RN
                 	MOVW R26,R@0
                 	SUBI R26,LOW(-@1)
                 	SBCI R27,HIGH(-@1)
                 	ST   X+,R30
                 	ST   X,R31
                 	.ENDM
                 
                 	.MACRO __PUTD1RN
                 	MOVW R26,R@0
                 	SUBI R26,LOW(-@1)
                 	SBCI R27,HIGH(-@1)
                 	CALL __PUTDP1
                 	.ENDM
                 
                 	.MACRO __PUTB1RNS
                 	MOVW R26,R@0
                 	ADIW R26,@1
                 	ST   X,R30
                 	.ENDM
                 
                 	.MACRO __PUTW1RNS
                 	MOVW R26,R@0
                 	ADIW R26,@1
                 	ST   X+,R30
                 	ST   X,R31
                 	.ENDM
                 
                 	.MACRO __PUTD1RNS
                 	MOVW R26,R@0
                 	ADIW R26,@1
                 	CALL __PUTDP1
                 	.ENDM
                 
                 	.MACRO __PUTB1RON
                 	MOV  R26,R@0
                 	MOV  R27,R@1
                 	SUBI R26,LOW(-@2)
                 	SBCI R27,HIGH(-@2)
                 	ST   X,R30
                 	.ENDM
                 
                 	.MACRO __PUTW1RON
                 	MOV  R26,R@0
                 	MOV  R27,R@1
                 	SUBI R26,LOW(-@2)
                 	SBCI R27,HIGH(-@2)
                 	ST   X+,R30
                 	ST   X,R31
                 	.ENDM
                 
                 	.MACRO __PUTD1RON
                 	MOV  R26,R@0
                 	MOV  R27,R@1
                 	SUBI R26,LOW(-@2)
                 	SBCI R27,HIGH(-@2)
                 	CALL __PUTDP1
                 	.ENDM
                 
                 	.MACRO __PUTB1RONS
                 	MOV  R26,R@0
                 	MOV  R27,R@1
                 	ADIW R26,@2
                 	ST   X,R30
                 	.ENDM
                 
                 	.MACRO __PUTW1RONS
                 	MOV  R26,R@0
                 	MOV  R27,R@1
                 	ADIW R26,@2
                 	ST   X+,R30
                 	ST   X,R31
                 	.ENDM
                 
                 	.MACRO __PUTD1RONS
                 	MOV  R26,R@0
                 	MOV  R27,R@1
                 	ADIW R26,@2
                 	CALL __PUTDP1
                 	.ENDM
                 
                 
                 	.MACRO __GETB1SX
                 	MOVW R30,R28
                 	SUBI R30,LOW(-@0)
                 	SBCI R31,HIGH(-@0)
                 	LD   R30,Z
                 	.ENDM
                 
                 	.MACRO __GETB1HSX
                 	MOVW R30,R28
                 	SUBI R30,LOW(-@0)
                 	SBCI R31,HIGH(-@0)
                 	LD   R31,Z
                 	.ENDM
                 
                 	.MACRO __GETW1SX
                 	MOVW R30,R28
                 	SUBI R30,LOW(-@0)
                 	SBCI R31,HIGH(-@0)
                 	LD   R0,Z+
                 	LD   R31,Z
                 	MOV  R30,R0
                 	.ENDM
                 
                 	.MACRO __GETD1SX
                 	MOVW R30,R28
                 	SUBI R30,LOW(-@0)
                 	SBCI R31,HIGH(-@0)
                 	LD   R0,Z+
                 	LD   R1,Z+
                 	LD   R22,Z+
                 	LD   R23,Z
                 	MOVW R30,R0
                 	.ENDM
                 
                 	.MACRO __GETB2SX
                 	MOVW R26,R28
                 	SUBI R26,LOW(-@0)
                 	SBCI R27,HIGH(-@0)
                 	LD   R26,X
                 	.ENDM
                 
                 	.MACRO __GETW2SX
                 	MOVW R26,R28
                 	SUBI R26,LOW(-@0)
                 	SBCI R27,HIGH(-@0)
                 	LD   R0,X+
                 	LD   R27,X
                 	MOV  R26,R0
                 	.ENDM
                 
                 	.MACRO __GETD2SX
                 	MOVW R26,R28
                 	SUBI R26,LOW(-@0)
                 	SBCI R27,HIGH(-@0)
                 	LD   R0,X+
                 	LD   R1,X+
                 	LD   R24,X+
                 	LD   R25,X
                 	MOVW R26,R0
                 	.ENDM
                 
                 	.MACRO __GETBRSX
                 	MOVW R30,R28
                 	SUBI R30,LOW(-@1)
                 	SBCI R31,HIGH(-@1)
                 	LD   R@0,Z
                 	.ENDM
                 
                 	.MACRO __GETWRSX
                 	MOVW R30,R28
                 	SUBI R30,LOW(-@2)
                 	SBCI R31,HIGH(-@2)
                 	LD   R@0,Z+
                 	LD   R@1,Z
                 	.ENDM
                 
                 	.MACRO __GETBRSX2
                 	MOVW R26,R28
                 	SUBI R26,LOW(-@1)
                 	SBCI R27,HIGH(-@1)
                 	LD   R@0,X
                 	.ENDM
                 
                 	.MACRO __GETWRSX2
                 	MOVW R26,R28
                 	SUBI R26,LOW(-@2)
                 	SBCI R27,HIGH(-@2)
                 	LD   R@0,X+
                 	LD   R@1,X
                 	.ENDM
                 
                 	.MACRO __LSLW8SX
                 	MOVW R30,R28
                 	SUBI R30,LOW(-@0)
                 	SBCI R31,HIGH(-@0)
                 	LD   R31,Z
                 	CLR  R30
                 	.ENDM
                 
                 	.MACRO __PUTB1SX
                 	MOVW R26,R28
                 	SUBI R26,LOW(-@0)
                 	SBCI R27,HIGH(-@0)
                 	ST   X,R30
                 	.ENDM
                 
                 	.MACRO __PUTW1SX
                 	MOVW R26,R28
                 	SUBI R26,LOW(-@0)
                 	SBCI R27,HIGH(-@0)
                 	ST   X+,R30
                 	ST   X,R31
                 	.ENDM
                 
                 	.MACRO __PUTD1SX
                 	MOVW R26,R28
                 	SUBI R26,LOW(-@0)
                 	SBCI R27,HIGH(-@0)
                 	ST   X+,R30
                 	ST   X+,R31
                 	ST   X+,R22
                 	ST   X,R23
                 	.ENDM
                 
                 	.MACRO __CLRW1SX
                 	MOVW R26,R28
                 	SUBI R26,LOW(-@0)
                 	SBCI R27,HIGH(-@0)
                 	ST   X+,R30
                 	ST   X,R30
                 	.ENDM
                 
                 	.MACRO __CLRD1SX
                 	MOVW R26,R28
                 	SUBI R26,LOW(-@0)
                 	SBCI R27,HIGH(-@0)
                 	ST   X+,R30
                 	ST   X+,R30
                 	ST   X+,R30
                 	ST   X,R30
                 	.ENDM
                 
                 	.MACRO __PUTB2SX
                 	MOVW R30,R28
                 	SUBI R30,LOW(-@0)
                 	SBCI R31,HIGH(-@0)
                 	ST   Z,R26
                 	.ENDM
                 
                 	.MACRO __PUTW2SX
                 	MOVW R30,R28
                 	SUBI R30,LOW(-@0)
                 	SBCI R31,HIGH(-@0)
                 	ST   Z+,R26
                 	ST   Z,R27
                 	.ENDM
                 
                 	.MACRO __PUTD2SX
                 	MOVW R30,R28
                 	SUBI R30,LOW(-@0)
                 	SBCI R31,HIGH(-@0)
                 	ST   Z+,R26
                 	ST   Z+,R27
                 	ST   Z+,R24
                 	ST   Z,R25
                 	.ENDM
                 
                 	.MACRO __PUTBSRX
                 	MOVW R30,R28
                 	SUBI R30,LOW(-@1)
                 	SBCI R31,HIGH(-@1)
                 	ST   Z,R@0
                 	.ENDM
                 
                 	.MACRO __PUTWSRX
                 	MOVW R30,R28
                 	SUBI R30,LOW(-@2)
                 	SBCI R31,HIGH(-@2)
                 	ST   Z+,R@0
                 	ST   Z,R@1
                 	.ENDM
                 
                 	.MACRO __PUTB1SNX
                 	MOVW R26,R28
                 	SUBI R26,LOW(-@0)
                 	SBCI R27,HIGH(-@0)
                 	LD   R0,X+
                 	LD   R27,X
                 	MOV  R26,R0
                 	SUBI R26,LOW(-@1)
                 	SBCI R27,HIGH(-@1)
                 	ST   X,R30
                 	.ENDM
                 
                 	.MACRO __PUTW1SNX
                 	MOVW R26,R28
                 	SUBI R26,LOW(-@0)
                 	SBCI R27,HIGH(-@0)
                 	LD   R0,X+
                 	LD   R27,X
                 	MOV  R26,R0
                 	SUBI R26,LOW(-@1)
                 	SBCI R27,HIGH(-@1)
                 	ST   X+,R30
                 	ST   X,R31
                 	.ENDM
                 
                 	.MACRO __PUTD1SNX
                 	MOVW R26,R28
                 	SUBI R26,LOW(-@0)
                 	SBCI R27,HIGH(-@0)
                 	LD   R0,X+
                 	LD   R27,X
                 	MOV  R26,R0
                 	SUBI R26,LOW(-@1)
                 	SBCI R27,HIGH(-@1)
                 	ST   X+,R30
                 	ST   X+,R31
                 	ST   X+,R22
                 	ST   X,R23
                 	.ENDM
                 
                 	.MACRO __MULBRR
                 	MULS R@0,R@1
                 	MOVW R30,R0
                 	.ENDM
                 
                 	.MACRO __MULBRRU
                 	MUL  R@0,R@1
                 	MOVW R30,R0
                 	.ENDM
                 
                 	.MACRO __MULBRR0
                 	MULS R@0,R@1
                 	.ENDM
                 
                 	.MACRO __MULBRRU0
                 	MUL  R@0,R@1
                 	.ENDM
                 
                 	.MACRO __MULBNWRU
                 	LDI  R26,@2
                 	MUL  R26,R@0
                 	MOVW R30,R0
                 	MUL  R26,R@1
                 	ADD  R31,R0
                 	.ENDM
                 
                 ;NAME DEFINITIONS FOR GLOBAL VARIABLES ALLOCATED TO REGISTERS
                 	.DEF _ex=R3
                 	.DEF _ye=R5
                 	.DEF _Count2=R8
                 	.DEF _Count1=R7
                 	.DEF _Count0=R10
                 	.DEF _DataRx=R9
                 
                 ;GPIOR0 INITIALIZATION VALUE
                 	.EQU __GPIOR0_INIT=0x00
                 
                 	.CSEG
                 	.ORG 0x00
                 
                 ;START OF CODE MARKER
                 __START_OF_CODE:
                 
                 ;INTERRUPT VECTORS
000000 940c 0089 	JMP  __RESET
000002 940c 0000 	JMP  0x00
000004 940c 0000 	JMP  0x00
000006 940c 0000 	JMP  0x00
000008 940c 0000 	JMP  0x00
00000a 940c 0000 	JMP  0x00
00000c 940c 0000 	JMP  0x00
00000e 940c 0000 	JMP  0x00
000010 940c 0000 	JMP  0x00
000012 940c 0000 	JMP  0x00
000014 940c 0000 	JMP  0x00
000016 940c 0000 	JMP  0x00
000018 940c 0000 	JMP  0x00
00001a 940c 0000 	JMP  0x00
00001c 940c 0000 	JMP  0x00
00001e 940c 0000 	JMP  0x00
000020 940c 0000 	JMP  0x00
000022 940c 0000 	JMP  0x00
000024 940c 0000 	JMP  0x00
000026 940c 0000 	JMP  0x00
000028 940c 0000 	JMP  0x00
00002a 940c 0000 	JMP  0x00
00002c 940c 0000 	JMP  0x00
00002e 940c 0000 	JMP  0x00
000030 940c 00c7 	JMP  _spi_isr
000032 940c 0000 	JMP  0x00
000034 940c 0000 	JMP  0x00
000036 940c 0000 	JMP  0x00
000038 940c 0000 	JMP  0x00
00003a 940c 0000 	JMP  0x00
00003c 940c 0000 	JMP  0x00
00003e 940c 0000 	JMP  0x00
000040 940c 0000 	JMP  0x00
000042 940c 0000 	JMP  0x00
000044 940c 0000 	JMP  0x00
000046 940c 0000 	JMP  0x00
000048 940c 0000 	JMP  0x00
00004a 940c 0000 	JMP  0x00
00004c 940c 0000 	JMP  0x00
00004e 940c 0000 	JMP  0x00
000050 940c 0000 	JMP  0x00
000052 940c 0000 	JMP  0x00
000054 940c 0000 	JMP  0x00
000056 940c 0000 	JMP  0x00
000058 940c 0000 	JMP  0x00
00005a 940c 0000 	JMP  0x00
00005c 940c 0000 	JMP  0x00
00005e 940c 0000 	JMP  0x00
000060 940c 0000 	JMP  0x00
000062 940c 0000 	JMP  0x00
000064 940c 0000 	JMP  0x00
000066 940c 0000 	JMP  0x00
000068 940c 0000 	JMP  0x00
00006a 940c 0000 	JMP  0x00
00006c 940c 0000 	JMP  0x00
00006e 940c 0000 	JMP  0x00
000070 940c 0000 	JMP  0x00
                 
                 _tbl10_G100:
000072 2710
000073 03e8
000074 0064
000075 000a      	.DB  0x10,0x27,0xE8,0x3,0x64,0x0,0xA,0x0
000076 0001      	.DB  0x1,0x0
                 _tbl16_G100:
000077 1000
000078 0100
000079 0010
00007a 0001      	.DB  0x0,0x10,0x0,0x1,0x10,0x0,0x1,0x0
                 
                 _0x0:
00007b 6425
00007c 2520
00007d 0d64
00007e 000a      	.DB  0x25,0x64,0x20,0x25,0x64,0xD,0xA,0x0
                 _0x2020060:
F:\EWS-Bascorro\Bascorro v2\New folder\SPI New\List\w.asm(1162): warning: .cseg .db misalignment - padding zero byte
00007f 0001      	.DB  0x1
                 _0x2020000:
000080 4e2d
000081 4e41
000082 4900
000083 464e      	.DB  0x2D,0x4E,0x41,0x4E,0x0,0x49,0x4E,0x46
F:\EWS-Bascorro\Bascorro v2\New folder\SPI New\List\w.asm(1165): warning: .cseg .db misalignment - padding zero byte
000084 0000      	.DB  0x0
                 
                 __GLOBAL_INI_TBL:
000085 0001      	.DW  0x01
000086 0a08      	.DW  __seed_G101
000087 00fe      	.DW  _0x2020060*2
                 
                 _0xFFFFFFFF:
000088 0000      	.DW  0
                 
                 __RESET:
000089 94f8      	CLI
00008a 27ee      	CLR  R30
00008b bbef      	OUT  EECR,R30
                 
                 ;INTERRUPT VECTORS ARE PLACED
                 ;AT THE START OF FLASH
00008c e0f1      	LDI  R31,1
00008d bff5      	OUT  MCUCR,R31
00008e bfe5      	OUT  MCUCR,R30
00008f 93e0 0074 	STS  XMCRA,R30
000091 93e0 0075 	STS  XMCRB,R30
                 
                 ;DISABLE WATCHDOG
000093 e1f8      	LDI  R31,0x18
000094 95a8      	WDR
000095 b7a4      	IN   R26,MCUSR
000096 7fa7      	CBR  R26,8
000097 bfa4      	OUT  MCUSR,R26
000098 93f0 0060 	STS  WDTCSR,R31
00009a 93e0 0060 	STS  WDTCSR,R30
                 
                 ;CLEAR R2-R14
00009c e08d      	LDI  R24,(14-2)+1
00009d e0a2      	LDI  R26,2
00009e 27bb      	CLR  R27
                 __CLEAR_REG:
00009f 93ed      	ST   X+,R30
0000a0 958a      	DEC  R24
0000a1 f7e9      	BRNE __CLEAR_REG
                 
                 ;CLEAR SRAM
0000a2 e080      	LDI  R24,LOW(__CLEAR_SRAM_SIZE)
0000a3 e290      	LDI  R25,HIGH(__CLEAR_SRAM_SIZE)
0000a4 e0a0      	LDI  R26,LOW(__SRAM_START)
0000a5 e0b2      	LDI  R27,HIGH(__SRAM_START)
                 __CLEAR_SRAM:
0000a6 93ed      	ST   X+,R30
0000a7 9701      	SBIW R24,1
0000a8 f7e9      	BRNE __CLEAR_SRAM
                 
                 ;GLOBAL VARIABLES INITIALIZATION
0000a9 e0ea      	LDI  R30,LOW(__GLOBAL_INI_TBL*2)
0000aa e0f1      	LDI  R31,HIGH(__GLOBAL_INI_TBL*2)
                 __GLOBAL_INI_NEXT:
0000ab 9185      	LPM  R24,Z+
0000ac 9195      	LPM  R25,Z+
0000ad 9700      	SBIW R24,0
0000ae f061      	BREQ __GLOBAL_INI_END
0000af 91a5      	LPM  R26,Z+
0000b0 91b5      	LPM  R27,Z+
0000b1 9005      	LPM  R0,Z+
0000b2 9015      	LPM  R1,Z+
0000b3 01bf      	MOVW R22,R30
0000b4 01f0      	MOVW R30,R0
                 __GLOBAL_INI_LOOP:
0000b5 9005      	LPM  R0,Z+
0000b6 920d      	ST   X+,R0
0000b7 9701      	SBIW R24,1
0000b8 f7e1      	BRNE __GLOBAL_INI_LOOP
0000b9 01fb      	MOVW R30,R22
0000ba cff0      	RJMP __GLOBAL_INI_NEXT
                 __GLOBAL_INI_END:
                 
0000bb bf8b      	OUT  RAMPZ,R24
                 
0000bc bf8c      	OUT  EIND,R24
                 
                 ;GPIOR0 INITIALIZATION
0000bd e0e0      	LDI  R30,__GPIOR0_INIT
0000be bbee      	OUT  GPIOR0,R30
                 
                 ;HARDWARE STACK POINTER INITIALIZATION
0000bf efef      	LDI  R30,LOW(__SRAM_END-__HEAP_SIZE)
0000c0 bfed      	OUT  SPL,R30
0000c1 e2e1      	LDI  R30,HIGH(__SRAM_END-__HEAP_SIZE)
0000c2 bfee      	OUT  SPH,R30
                 
                 ;DATA STACK POINTER INITIALIZATION
0000c3 e0c0      	LDI  R28,LOW(__SRAM_START+__DSTACK_SIZE)
0000c4 e0da      	LDI  R29,HIGH(__SRAM_START+__DSTACK_SIZE)
                 
0000c5 940c 0124 	JMP  _main
                 
                 	.ESEG
                 	.ORG 0
                 
                 	.DSEG
                 	.ORG 0xA00
                 
                 	.CSEG
                 ;/*****************************************************
                 ;This program was produced by the
                 ;CodeWizardAVR V2.05.3 Standard
                 ;Automatic Program Generator
                 ;© Copyright 1998-2011 Pavel Haiduc, HP InfoTech s.r.l.
                 ;http://www.hpinfotech.com
                 ;
                 ;Project :
                 ;Version :
                 ;Date    : 4/4/2018
                 ;Author  : krismonb
                 ;Company : bismillah - man jadda wajada
                 ;Comments:
                 ;
                 ;
                 ;Chip type               : ATmega2560
                 ;Program type            : Application
                 ;AVR Core Clock frequency: 16.000000 MHz
                 ;Memory model            : Small
                 ;External RAM size       : 0
                 ;Data Stack size         : 2048
                 ;*****************************************************/
                 ;
                 ;#include <mega2560.h>
                 	#ifndef __SLEEP_DEFINED__
                 	#define __SLEEP_DEFINED__
                 	.EQU __se_bit=0x01
                 	.EQU __sm_mask=0x0E
                 	.EQU __sm_powerdown=0x04
                 	.EQU __sm_powersave=0x06
                 	.EQU __sm_standby=0x0C
                 	.EQU __sm_ext_standby=0x0E
                 	.EQU __sm_adc_noise_red=0x02
                 	.SET power_ctrl_reg=smcr
                 	#endif
                 ;
                 ;// Standard Input/Output functions
                 ;#include <stdio.h>
                 ;#include <stdlib.h>
                 ;
                 ;// SPI interrupt service routine
                 ;int ex,ye;
                 ;
                 ;char Data1[4],Data2[4],Data3[4];
                 ;unsigned char Count2,Count1,Count0,DataRx;
                 ;
                 ;void konversi();
                 ;void init();
                 ;
                 ;interrupt [SPI_STC] void spi_isr(void)
                 ; 0000 0028 {
                 
                 	.CSEG
                 _spi_isr:
0000c7 93aa      	ST   -Y,R26
0000c8 93ea      	ST   -Y,R30
0000c9 93fa      	ST   -Y,R31
0000ca b7ef      	IN   R30,SREG
0000cb 93ea      	ST   -Y,R30
                 ; 0000 0029 char status,data;
                 ; 0000 002A data=SPDR;
0000cc 931a      	ST   -Y,R17
0000cd 930a      	ST   -Y,R16
                 ;	status -> R17
                 ;	data -> R16
0000ce b50e      	IN   R16,46
                 ; 0000 002B switch(DataRx)
0000cf 2de9      	MOV  R30,R9
0000d0 e0f0      	LDI  R31,0
                 ; 0000 002C {
                 ; 0000 002D     case 0:
0000d1 9730      	SBIW R30,0
0000d2 f4e9      	BRNE _0x6
                 ; 0000 002E                 if(data=='!'){DataRx=1; Count0=0;Data1[0]=NULL;Data1[1]=NULL;Data1[2]=NULL;Data1[3]=NULL;}
0000d3 3201      	CPI  R16,33
0000d4 f461      	BRNE _0x7
0000d5 e0e1      	LDI  R30,LOW(1)
0000d6 2e9e      	MOV  R9,R30
0000d7 24aa      	CLR  R10
0000d8 e0e0      	LDI  R30,LOW(0)
0000d9 93e0 0a00 	STS  _Data1,R30
                +
0000db 93e0 0a01+STS _Data1 + ( 1 ) , R30
                 	__PUTB1MN _Data1,1
                +
0000dd 93e0 0a02+STS _Data1 + ( 2 ) , R30
                 	__PUTB1MN _Data1,2
                +
0000df 93e0 0a03+STS _Data1 + ( 3 ) , R30
                 	__PUTB1MN _Data1,3
                 ; 0000 002F                 if(data=='@'){DataRx=2; Count1=0;Data2[0]=NULL;Data2[1]=NULL;Data2[2]=NULL;Data2[3]=NULL;}
                 _0x7:
0000e1 3400      	CPI  R16,64
0000e2 f461      	BRNE _0x8
0000e3 e0e2      	LDI  R30,LOW(2)
0000e4 2e9e      	MOV  R9,R30
0000e5 2477      	CLR  R7
0000e6 e0e0      	LDI  R30,LOW(0)
0000e7 93e0 0a04 	STS  _Data2,R30
                +
0000e9 93e0 0a05+STS _Data2 + ( 1 ) , R30
                 	__PUTB1MN _Data2,1
                +
0000eb 93e0 0a06+STS _Data2 + ( 2 ) , R30
                 	__PUTB1MN _Data2,2
                +
0000ed 93e0 0a07+STS _Data2 + ( 3 ) , R30
                 	__PUTB1MN _Data2,3
                 ; 0000 0030 
                 ; 0000 0031     break;
                 _0x8:
0000ef c01f      	RJMP _0x5
                 ; 0000 0032 
                 ; 0000 0033     case 1:
                 _0x6:
0000f0 30e1      	CPI  R30,LOW(0x1)
0000f1 e0a0      	LDI  R26,HIGH(0x1)
0000f2 07fa      	CPC  R31,R26
0000f3 f461      	BRNE _0x9
                 ; 0000 0034         if(data=='|'){DataRx=0; Count0=0;}
0000f4 370c      	CPI  R16,124
0000f5 f419      	BRNE _0xA
0000f6 2499      	CLR  R9
0000f7 24aa      	CLR  R10
                 ; 0000 0035         else {
0000f8 c006      	RJMP _0xB
                 _0xA:
                 ; 0000 0036         Data1[Count0] = data; Count0++;}
0000f9 2dea      	MOV  R30,R10
0000fa e0f0      	LDI  R31,0
0000fb 50e0      	SUBI R30,LOW(-_Data1)
0000fc 4ff6      	SBCI R31,HIGH(-_Data1)
0000fd 8300      	ST   Z,R16
0000fe 94a3      	INC  R10
                 _0xB:
                 ; 0000 0037     break;
0000ff c00f      	RJMP _0x5
                 ; 0000 0038 
                 ; 0000 0039     case 2:
                 _0x9:
000100 30e2      	CPI  R30,LOW(0x2)
000101 e0a0      	LDI  R26,HIGH(0x2)
000102 07fa      	CPC  R31,R26
000103 f459      	BRNE _0x5
                 ; 0000 003A         if(data=='|'){DataRx=0; Count1=0;}
000104 370c      	CPI  R16,124
000105 f419      	BRNE _0xD
000106 2499      	CLR  R9
000107 2477      	CLR  R7
                 ; 0000 003B         else{
000108 c006      	RJMP _0xE
                 _0xD:
                 ; 0000 003C         Data2[Count1]=data; Count1++;
000109 2de7      	MOV  R30,R7
00010a e0f0      	LDI  R31,0
00010b 5fec      	SUBI R30,LOW(-_Data2)
00010c 4ff5      	SBCI R31,HIGH(-_Data2)
00010d 8300      	ST   Z,R16
00010e 9473      	INC  R7
                 ; 0000 003D         }
                 _0xE:
                 ; 0000 003E     break;
                 ; 0000 003F   }
                 _0x5:
                 ; 0000 0040 }
00010f 9109      	LD   R16,Y+
000110 9119      	LD   R17,Y+
000111 91e9      	LD   R30,Y+
000112 bfef      	OUT  SREG,R30
000113 91f9      	LD   R31,Y+
000114 91e9      	LD   R30,Y+
000115 91a9      	LD   R26,Y+
000116 9518      	RETI
                 ;
                 ;void konversi(){
                 ; 0000 0042 void konversi(){
                 _konversi:
                 ; 0000 0043     ex = atoi(Data1);
000117 e0a0      	LDI  R26,LOW(_Data1)
000118 e0ba      	LDI  R27,HIGH(_Data1)
000119 940e 0388 	CALL _atoi
                +
00011b 2e3e     +MOV R3 , R30
00011c 2e4f     +MOV R4 , R31
                 	__PUTW1R 3,4
                 ; 0000 0044     ye = atoi(Data2);
00011d e0a4      	LDI  R26,LOW(_Data2)
00011e e0ba      	LDI  R27,HIGH(_Data2)
00011f 940e 0388 	CALL _atoi
                +
000121 2e5e     +MOV R5 , R30
000122 2e6f     +MOV R6 , R31
                 	__PUTW1R 5,6
                 ; 0000 0045 }
000123 9508      	RET
                 ;
                 ;void main(void){
                 ; 0000 0047 void main(void){
                 _main:
                 ; 0000 0048  init();
000124 d017      	RCALL _init
                 ; 0000 0049  while(1){
                 _0xF:
                 ; 0000 004A   konversi();
000125 dff1      	RCALL _konversi
                 ; 0000 004B   printf("%d %d\r\n",ex,ye);
                +
000126 efe6     +LDI R30 , LOW ( 2 * _0x0 + ( 0 ) )
000127 e0f0     +LDI R31 , HIGH ( 2 * _0x0 + ( 0 ) )
                 	__POINTW1FN _0x0,0
000128 93fa      	ST   -Y,R31
000129 93ea      	ST   -Y,R30
                +
00012a 2de3     +MOV R30 , R3
00012b 2df4     +MOV R31 , R4
                 	__GETW1R 3,4
00012c 940e 0419 	CALL __CWD1
00012e 940e 0426 	CALL __PUTPARD1
                +
000130 2de5     +MOV R30 , R5
000131 2df6     +MOV R31 , R6
                 	__GETW1R 5,6
000132 940e 0419 	CALL __CWD1
000134 940e 0426 	CALL __PUTPARD1
000136 e088      	LDI  R24,8
000137 940e 0363 	CALL _printf
000139 962a      	ADIW R28,10
                 ; 0000 004C  }
00013a cfea      	RJMP _0xF
                 ; 0000 004D }
                 _0x12:
00013b cfff      	RJMP _0x12
                 ;// Declare your global variables here
                 ;
                 ;void init()
                 ; 0000 0051 {
                 _init:
                 ; 0000 0052 // Declare your local variables here
                 ; 0000 0053 
                 ; 0000 0054 // Crystal Oscillator division factor: 1
                 ; 0000 0055 #pragma optsize-
                 ; 0000 0056 CLKPR=0x80;
00013c e8e0      	LDI  R30,LOW(128)
00013d 93e0 0061 	STS  97,R30
                 ; 0000 0057 CLKPR=0x00;
00013f e0e0      	LDI  R30,LOW(0)
000140 93e0 0061 	STS  97,R30
                 ; 0000 0058 #ifdef _OPTIMIZE_SIZE_
                 ; 0000 0059 #pragma optsize+
                 ; 0000 005A #endif
                 ; 0000 005B 
                 ; 0000 005C // Input/Output Ports initialization
                 ; 0000 005D // Port A initialization
                 ; 0000 005E // Func7=In Func6=In Func5=In Func4=In Func3=In Func2=In Func1=In Func0=In
                 ; 0000 005F // State7=T State6=T State5=T State4=T State3=T State2=T State1=T State0=T
                 ; 0000 0060 PORTA=0x00;
000142 b9e2      	OUT  0x2,R30
                 ; 0000 0061 DDRA=0x00;
000143 b9e1      	OUT  0x1,R30
                 ; 0000 0062 
                 ; 0000 0063 // Port B initialization
                 ; 0000 0064 // Func7=In Func6=In Func5=In Func4=In Func3=Out Func2=In Func1=In Func0=In
                 ; 0000 0065 // State7=T State6=T State5=T State4=T State3=0 State2=T State1=T State0=T
                 ; 0000 0066 PORTB=0x00;
000144 b9e5      	OUT  0x5,R30
                 ; 0000 0067 DDRB=0x08;
000145 e0e8      	LDI  R30,LOW(8)
000146 b9e4      	OUT  0x4,R30
                 ; 0000 0068 
                 ; 0000 0069 // Port C initialization
                 ; 0000 006A // Func7=In Func6=In Func5=In Func4=In Func3=In Func2=In Func1=In Func0=In
                 ; 0000 006B // State7=T State6=T State5=T State4=T State3=T State2=T State1=T State0=T
                 ; 0000 006C PORTC=0x00;
000147 e0e0      	LDI  R30,LOW(0)
000148 b9e8      	OUT  0x8,R30
                 ; 0000 006D DDRC=0x00;
000149 b9e7      	OUT  0x7,R30
                 ; 0000 006E 
                 ; 0000 006F // Port D initialization
                 ; 0000 0070 // Func7=In Func6=In Func5=In Func4=In Func3=In Func2=In Func1=In Func0=In
                 ; 0000 0071 // State7=T State6=T State5=T State4=T State3=T State2=T State1=T State0=T
                 ; 0000 0072 PORTD=0x00;
00014a b9eb      	OUT  0xB,R30
                 ; 0000 0073 DDRD=0x00;
00014b b9ea      	OUT  0xA,R30
                 ; 0000 0074 
                 ; 0000 0075 // Port E initialization
                 ; 0000 0076 // Func7=In Func6=In Func5=In Func4=In Func3=In Func2=In Func1=In Func0=In
                 ; 0000 0077 // State7=T State6=T State5=T State4=T State3=T State2=T State1=T State0=T
                 ; 0000 0078 PORTE=0x00;
00014c b9ee      	OUT  0xE,R30
                 ; 0000 0079 DDRE=0x00;
00014d b9ed      	OUT  0xD,R30
                 ; 0000 007A 
                 ; 0000 007B // Port F initialization
                 ; 0000 007C // Func7=In Func6=In Func5=In Func4=In Func3=In Func2=In Func1=In Func0=In
                 ; 0000 007D // State7=T State6=T State5=T State4=T State3=T State2=T State1=T State0=T
                 ; 0000 007E PORTF=0x00;
00014e bbe1      	OUT  0x11,R30
                 ; 0000 007F DDRF=0x00;
00014f bbe0      	OUT  0x10,R30
                 ; 0000 0080 
                 ; 0000 0081 // Port G initialization
                 ; 0000 0082 // Func5=In Func4=In Func3=In Func2=In Func1=In Func0=In
                 ; 0000 0083 // State5=T State4=T State3=T State2=T State1=T State0=T
                 ; 0000 0084 PORTG=0x00;
000150 bbe4      	OUT  0x14,R30
                 ; 0000 0085 DDRG=0x00;
000151 bbe3      	OUT  0x13,R30
                 ; 0000 0086 
                 ; 0000 0087 // Port H initialization
                 ; 0000 0088 // Func7=In Func6=In Func5=In Func4=In Func3=In Func2=In Func1=In Func0=In
                 ; 0000 0089 // State7=T State6=T State5=T State4=T State3=T State2=T State1=T State0=T
                 ; 0000 008A PORTH=0x00;
000152 93e0 0102 	STS  258,R30
                 ; 0000 008B DDRH=0x00;
000154 93e0 0101 	STS  257,R30
                 ; 0000 008C 
                 ; 0000 008D // Port J initialization
                 ; 0000 008E // Func7=In Func6=In Func5=In Func4=In Func3=In Func2=In Func1=In Func0=In
                 ; 0000 008F // State7=T State6=T State5=T State4=T State3=T State2=T State1=T State0=T
                 ; 0000 0090 PORTJ=0x00;
000156 93e0 0105 	STS  261,R30
                 ; 0000 0091 DDRJ=0x00;
000158 93e0 0104 	STS  260,R30
                 ; 0000 0092 
                 ; 0000 0093 // Port K initialization
                 ; 0000 0094 // Func7=In Func6=In Func5=In Func4=In Func3=In Func2=In Func1=In Func0=In
                 ; 0000 0095 // State7=T State6=T State5=T State4=T State3=T State2=T State1=T State0=T
                 ; 0000 0096 PORTK=0x00;
00015a 93e0 0108 	STS  264,R30
                 ; 0000 0097 DDRK=0x00;
00015c 93e0 0107 	STS  263,R30
                 ; 0000 0098 
                 ; 0000 0099 // Port L initialization
                 ; 0000 009A // Func7=In Func6=In Func5=In Func4=In Func3=In Func2=In Func1=In Func0=In
                 ; 0000 009B // State7=T State6=T State5=T State4=T State3=T State2=T State1=T State0=T
                 ; 0000 009C PORTL=0x00;
00015e 93e0 010b 	STS  267,R30
                 ; 0000 009D DDRL=0x00;
000160 93e0 010a 	STS  266,R30
                 ; 0000 009E 
                 ; 0000 009F // Timer/Counter 0 initialization
                 ; 0000 00A0 // Clock source: System Clock
                 ; 0000 00A1 // Clock value: Timer 0 Stopped
                 ; 0000 00A2 // Mode: Normal top=0xFF
                 ; 0000 00A3 // OC0A output: Disconnected
                 ; 0000 00A4 // OC0B output: Disconnected
                 ; 0000 00A5 TCCR0A=0x00;
000162 bde4      	OUT  0x24,R30
                 ; 0000 00A6 TCCR0B=0x00;
000163 bde5      	OUT  0x25,R30
                 ; 0000 00A7 TCNT0=0x00;
000164 bde6      	OUT  0x26,R30
                 ; 0000 00A8 OCR0A=0x00;
000165 bde7      	OUT  0x27,R30
                 ; 0000 00A9 OCR0B=0x00;
000166 bde8      	OUT  0x28,R30
                 ; 0000 00AA 
                 ; 0000 00AB // Timer/Counter 1 initialization
                 ; 0000 00AC // Clock source: System Clock
                 ; 0000 00AD // Clock value: Timer1 Stopped
                 ; 0000 00AE // Mode: Normal top=0xFFFF
                 ; 0000 00AF // OC1A output: Discon.
                 ; 0000 00B0 // OC1B output: Discon.
                 ; 0000 00B1 // OC1C output: Discon.
                 ; 0000 00B2 // Noise Canceler: Off
                 ; 0000 00B3 // Input Capture on Falling Edge
                 ; 0000 00B4 // Timer1 Overflow Interrupt: Off
                 ; 0000 00B5 // Input Capture Interrupt: Off
                 ; 0000 00B6 // Compare A Match Interrupt: Off
                 ; 0000 00B7 // Compare B Match Interrupt: Off
                 ; 0000 00B8 // Compare C Match Interrupt: Off
                 ; 0000 00B9 TCCR1A=0x00;
000167 93e0 0080 	STS  128,R30
                 ; 0000 00BA TCCR1B=0x00;
000169 93e0 0081 	STS  129,R30
                 ; 0000 00BB TCNT1H=0x00;
00016b 93e0 0085 	STS  133,R30
                 ; 0000 00BC TCNT1L=0x00;
00016d 93e0 0084 	STS  132,R30
                 ; 0000 00BD ICR1H=0x00;
00016f 93e0 0087 	STS  135,R30
                 ; 0000 00BE ICR1L=0x00;
000171 93e0 0086 	STS  134,R30
                 ; 0000 00BF OCR1AH=0x00;
000173 93e0 0089 	STS  137,R30
                 ; 0000 00C0 OCR1AL=0x00;
000175 93e0 0088 	STS  136,R30
                 ; 0000 00C1 OCR1BH=0x00;
000177 93e0 008b 	STS  139,R30
                 ; 0000 00C2 OCR1BL=0x00;
000179 93e0 008a 	STS  138,R30
                 ; 0000 00C3 OCR1CH=0x00;
00017b 93e0 008d 	STS  141,R30
                 ; 0000 00C4 OCR1CL=0x00;
00017d 93e0 008c 	STS  140,R30
                 ; 0000 00C5 
                 ; 0000 00C6 // Timer/Counter 2 initialization
                 ; 0000 00C7 // Clock source: System Clock
                 ; 0000 00C8 // Clock value: Timer2 Stopped
                 ; 0000 00C9 // Mode: Normal top=0xFF
                 ; 0000 00CA // OC2A output: Disconnected
                 ; 0000 00CB // OC2B output: Disconnected
                 ; 0000 00CC ASSR=0x00;
00017f 93e0 00b6 	STS  182,R30
                 ; 0000 00CD TCCR2A=0x00;
000181 93e0 00b0 	STS  176,R30
                 ; 0000 00CE TCCR2B=0x00;
000183 93e0 00b1 	STS  177,R30
                 ; 0000 00CF TCNT2=0x00;
000185 93e0 00b2 	STS  178,R30
                 ; 0000 00D0 OCR2A=0x00;
000187 93e0 00b3 	STS  179,R30
                 ; 0000 00D1 OCR2B=0x00;
000189 93e0 00b4 	STS  180,R30
                 ; 0000 00D2 
                 ; 0000 00D3 // Timer/Counter 3 initialization
                 ; 0000 00D4 // Clock source: System Clock
                 ; 0000 00D5 // Clock value: Timer3 Stopped
                 ; 0000 00D6 // Mode: Normal top=0xFFFF
                 ; 0000 00D7 // OC3A output: Discon.
                 ; 0000 00D8 // OC3B output: Discon.
                 ; 0000 00D9 // OC3C output: Discon.
                 ; 0000 00DA // Noise Canceler: Off
                 ; 0000 00DB // Input Capture on Falling Edge
                 ; 0000 00DC // Timer3 Overflow Interrupt: Off
                 ; 0000 00DD // Input Capture Interrupt: Off
                 ; 0000 00DE // Compare A Match Interrupt: Off
                 ; 0000 00DF // Compare B Match Interrupt: Off
                 ; 0000 00E0 // Compare C Match Interrupt: Off
                 ; 0000 00E1 TCCR3A=0x00;
00018b 93e0 0090 	STS  144,R30
                 ; 0000 00E2 TCCR3B=0x00;
00018d 93e0 0091 	STS  145,R30
                 ; 0000 00E3 TCNT3H=0x00;
00018f 93e0 0095 	STS  149,R30
                 ; 0000 00E4 TCNT3L=0x00;
000191 93e0 0094 	STS  148,R30
                 ; 0000 00E5 ICR3H=0x00;
000193 93e0 0097 	STS  151,R30
                 ; 0000 00E6 ICR3L=0x00;
000195 93e0 0096 	STS  150,R30
                 ; 0000 00E7 OCR3AH=0x00;
000197 93e0 0099 	STS  153,R30
                 ; 0000 00E8 OCR3AL=0x00;
000199 93e0 0098 	STS  152,R30
                 ; 0000 00E9 OCR3BH=0x00;
00019b 93e0 009b 	STS  155,R30
                 ; 0000 00EA OCR3BL=0x00;
00019d 93e0 009a 	STS  154,R30
                 ; 0000 00EB OCR3CH=0x00;
00019f 93e0 009d 	STS  157,R30
                 ; 0000 00EC OCR3CL=0x00;
0001a1 93e0 009c 	STS  156,R30
                 ; 0000 00ED 
                 ; 0000 00EE // Timer/Counter 4 initialization
                 ; 0000 00EF // Clock source: System Clock
                 ; 0000 00F0 // Clock value: Timer4 Stopped
                 ; 0000 00F1 // Mode: Normal top=0xFFFF
                 ; 0000 00F2 // OC4A output: Discon.
                 ; 0000 00F3 // OC4B output: Discon.
                 ; 0000 00F4 // OC4C output: Discon.
                 ; 0000 00F5 // Noise Canceler: Off
                 ; 0000 00F6 // Input Capture on Falling Edge
                 ; 0000 00F7 // Timer4 Overflow Interrupt: Off
                 ; 0000 00F8 // Input Capture Interrupt: Off
                 ; 0000 00F9 // Compare A Match Interrupt: Off
                 ; 0000 00FA // Compare B Match Interrupt: Off
                 ; 0000 00FB // Compare C Match Interrupt: Off
                 ; 0000 00FC TCCR4A=0x00;
0001a3 93e0 00a0 	STS  160,R30
                 ; 0000 00FD TCCR4B=0x00;
0001a5 93e0 00a1 	STS  161,R30
                 ; 0000 00FE TCNT4H=0x00;
0001a7 93e0 00a5 	STS  165,R30
                 ; 0000 00FF TCNT4L=0x00;
0001a9 93e0 00a4 	STS  164,R30
                 ; 0000 0100 ICR4H=0x00;
0001ab 93e0 00a7 	STS  167,R30
                 ; 0000 0101 ICR4L=0x00;
0001ad 93e0 00a6 	STS  166,R30
                 ; 0000 0102 OCR4AH=0x00;
0001af 93e0 00a9 	STS  169,R30
                 ; 0000 0103 OCR4AL=0x00;
0001b1 93e0 00a8 	STS  168,R30
                 ; 0000 0104 OCR4BH=0x00;
0001b3 93e0 00ab 	STS  171,R30
                 ; 0000 0105 OCR4BL=0x00;
0001b5 93e0 00aa 	STS  170,R30
                 ; 0000 0106 OCR4CH=0x00;
0001b7 93e0 00ad 	STS  173,R30
                 ; 0000 0107 OCR4CL=0x00;
0001b9 93e0 00ac 	STS  172,R30
                 ; 0000 0108 
                 ; 0000 0109 // Timer/Counter 5 initialization
                 ; 0000 010A // Clock source: System Clock
                 ; 0000 010B // Clock value: Timer5 Stopped
                 ; 0000 010C // Mode: Normal top=0xFFFF
                 ; 0000 010D // OC5A output: Discon.
                 ; 0000 010E // OC5B output: Discon.
                 ; 0000 010F // OC5C output: Discon.
                 ; 0000 0110 // Noise Canceler: Off
                 ; 0000 0111 // Input Capture on Falling Edge
                 ; 0000 0112 // Timer5 Overflow Interrupt: Off
                 ; 0000 0113 // Input Capture Interrupt: Off
                 ; 0000 0114 // Compare A Match Interrupt: Off
                 ; 0000 0115 // Compare B Match Interrupt: Off
                 ; 0000 0116 // Compare C Match Interrupt: Off
                 ; 0000 0117 TCCR5A=0x00;
0001bb 93e0 0120 	STS  288,R30
                 ; 0000 0118 TCCR5B=0x00;
0001bd 93e0 0121 	STS  289,R30
                 ; 0000 0119 TCNT5H=0x00;
0001bf 93e0 0125 	STS  293,R30
                 ; 0000 011A TCNT5L=0x00;
0001c1 93e0 0124 	STS  292,R30
                 ; 0000 011B ICR5H=0x00;
0001c3 93e0 0127 	STS  295,R30
                 ; 0000 011C ICR5L=0x00;
0001c5 93e0 0126 	STS  294,R30
                 ; 0000 011D OCR5AH=0x00;
0001c7 93e0 0129 	STS  297,R30
                 ; 0000 011E OCR5AL=0x00;
0001c9 93e0 0128 	STS  296,R30
                 ; 0000 011F OCR5BH=0x00;
0001cb 93e0 012b 	STS  299,R30
                 ; 0000 0120 OCR5BL=0x00;
0001cd 93e0 012a 	STS  298,R30
                 ; 0000 0121 OCR5CH=0x00;
0001cf 93e0 012d 	STS  301,R30
                 ; 0000 0122 OCR5CL=0x00;
0001d1 93e0 012c 	STS  300,R30
                 ; 0000 0123 
                 ; 0000 0124 // External Interrupt(s) initialization
                 ; 0000 0125 // INT0: Off
                 ; 0000 0126 // INT1: Off
                 ; 0000 0127 // INT2: Off
                 ; 0000 0128 // INT3: Off
                 ; 0000 0129 // INT4: Off
                 ; 0000 012A // INT5: Off
                 ; 0000 012B // INT6: Off
                 ; 0000 012C // INT7: Off
                 ; 0000 012D EICRA=0x00;
0001d3 93e0 0069 	STS  105,R30
                 ; 0000 012E EICRB=0x00;
0001d5 93e0 006a 	STS  106,R30
                 ; 0000 012F EIMSK=0x00;
0001d7 bbed      	OUT  0x1D,R30
                 ; 0000 0130 // PCINT0 interrupt: Off
                 ; 0000 0131 // PCINT1 interrupt: Off
                 ; 0000 0132 // PCINT2 interrupt: Off
                 ; 0000 0133 // PCINT3 interrupt: Off
                 ; 0000 0134 // PCINT4 interrupt: Off
                 ; 0000 0135 // PCINT5 interrupt: Off
                 ; 0000 0136 // PCINT6 interrupt: Off
                 ; 0000 0137 // PCINT7 interrupt: Off
                 ; 0000 0138 // PCINT8 interrupt: Off
                 ; 0000 0139 // PCINT9 interrupt: Off
                 ; 0000 013A // PCINT10 interrupt: Off
                 ; 0000 013B // PCINT11 interrupt: Off
                 ; 0000 013C // PCINT12 interrupt: Off
                 ; 0000 013D // PCINT13 interrupt: Off
                 ; 0000 013E // PCINT14 interrupt: Off
                 ; 0000 013F // PCINT15 interrupt: Off
                 ; 0000 0140 // PCINT16 interrupt: Off
                 ; 0000 0141 // PCINT17 interrupt: Off
                 ; 0000 0142 // PCINT18 interrupt: Off
                 ; 0000 0143 // PCINT19 interrupt: Off
                 ; 0000 0144 // PCINT20 interrupt: Off
                 ; 0000 0145 // PCINT21 interrupt: Off
                 ; 0000 0146 // PCINT22 interrupt: Off
                 ; 0000 0147 // PCINT23 interrupt: Off
                 ; 0000 0148 PCMSK0=0x00;
0001d8 93e0 006b 	STS  107,R30
                 ; 0000 0149 PCMSK1=0x00;
0001da 93e0 006c 	STS  108,R30
                 ; 0000 014A PCMSK2=0x00;
0001dc 93e0 006d 	STS  109,R30
                 ; 0000 014B PCICR=0x00;
0001de 93e0 0068 	STS  104,R30
                 ; 0000 014C 
                 ; 0000 014D // Timer/Counter 0 Interrupt(s) initialization
                 ; 0000 014E TIMSK0=0x00;
0001e0 93e0 006e 	STS  110,R30
                 ; 0000 014F 
                 ; 0000 0150 // Timer/Counter 1 Interrupt(s) initialization
                 ; 0000 0151 TIMSK1=0x00;
0001e2 93e0 006f 	STS  111,R30
                 ; 0000 0152 
                 ; 0000 0153 // Timer/Counter 2 Interrupt(s) initialization
                 ; 0000 0154 TIMSK2=0x00;
0001e4 93e0 0070 	STS  112,R30
                 ; 0000 0155 
                 ; 0000 0156 // Timer/Counter 3 Interrupt(s) initialization
                 ; 0000 0157 TIMSK3=0x00;
0001e6 93e0 0071 	STS  113,R30
                 ; 0000 0158 
                 ; 0000 0159 // Timer/Counter 4 Interrupt(s) initialization
                 ; 0000 015A TIMSK4=0x00;
0001e8 93e0 0072 	STS  114,R30
                 ; 0000 015B 
                 ; 0000 015C // Timer/Counter 5 Interrupt(s) initialization
                 ; 0000 015D TIMSK5=0x00;
0001ea 93e0 0073 	STS  115,R30
                 ; 0000 015E 
                 ; 0000 015F // USART0 initialization
                 ; 0000 0160 // Communication Parameters: 8 Data, 1 Stop, No Parity
                 ; 0000 0161 // USART0 Receiver: On
                 ; 0000 0162 // USART0 Transmitter: On
                 ; 0000 0163 // USART0 Mode: Asynchronous
                 ; 0000 0164 // USART0 Baud Rate: 9600
                 ; 0000 0165 UCSR0A=0x00;
0001ec 93e0 00c0 	STS  192,R30
                 ; 0000 0166 UCSR0B=0x18;
0001ee e1e8      	LDI  R30,LOW(24)
0001ef 93e0 00c1 	STS  193,R30
                 ; 0000 0167 UCSR0C=0x06;
0001f1 e0e6      	LDI  R30,LOW(6)
0001f2 93e0 00c2 	STS  194,R30
                 ; 0000 0168 UBRR0H=0x00;
0001f4 e0e0      	LDI  R30,LOW(0)
0001f5 93e0 00c5 	STS  197,R30
                 ; 0000 0169 UBRR0L=0x67;
0001f7 e6e7      	LDI  R30,LOW(103)
0001f8 93e0 00c4 	STS  196,R30
                 ; 0000 016A 
                 ; 0000 016B // USART1 initialization
                 ; 0000 016C // USART1 disabled
                 ; 0000 016D UCSR1B=0x00;
0001fa e0e0      	LDI  R30,LOW(0)
0001fb 93e0 00c9 	STS  201,R30
                 ; 0000 016E 
                 ; 0000 016F // USART2 initialization
                 ; 0000 0170 // USART2 disabled
                 ; 0000 0171 UCSR2B=0x00;
0001fd 93e0 00d1 	STS  209,R30
                 ; 0000 0172 
                 ; 0000 0173 // USART3 initialization
                 ; 0000 0174 // USART3 disabled
                 ; 0000 0175 UCSR3B=0x00;
0001ff 93e0 0131 	STS  305,R30
                 ; 0000 0176 
                 ; 0000 0177 // Analog Comparator initialization
                 ; 0000 0178 // Analog Comparator: Off
                 ; 0000 0179 // Analog Comparator Input Capture by Timer/Counter 1: Off
                 ; 0000 017A ACSR=0x80;
000201 e8e0      	LDI  R30,LOW(128)
000202 bfe0      	OUT  0x30,R30
                 ; 0000 017B ADCSRB=0x00;
000203 e0e0      	LDI  R30,LOW(0)
000204 93e0 007b 	STS  123,R30
                 ; 0000 017C DIDR1=0x00;
000206 93e0 007f 	STS  127,R30
                 ; 0000 017D 
                 ; 0000 017E // ADC initialization
                 ; 0000 017F // ADC disabled
                 ; 0000 0180 ADCSRA=0x00;
000208 93e0 007a 	STS  122,R30
                 ; 0000 0181 
                 ; 0000 0182 // SPI initialization
                 ; 0000 0183 // SPI Type: Slave
                 ; 0000 0184 // SPI Clock Phase: Cycle Start
                 ; 0000 0185 // SPI Clock Polarity: Low
                 ; 0000 0186 // SPI Data Order: MSB First
                 ; 0000 0187 SPCR=0xC0;
00020a ece0      	LDI  R30,LOW(192)
00020b bdec      	OUT  0x2C,R30
                 ; 0000 0188 SPSR=0x00;
00020c e0e0      	LDI  R30,LOW(0)
00020d bded      	OUT  0x2D,R30
                 ; 0000 0189 
                 ; 0000 018A // Clear the SPI interrupt flag
                 ; 0000 018B #asm
                 ; 0000 018C     in   r30,spsr
00020e b5ed          in   r30,spsr
                 ; 0000 018D     in   r30,spdr
00020f b5ee          in   r30,spdr
                 ; 0000 018E #endasm
                 ; 0000 018F 
                 ; 0000 0190 // TWI initialization
                 ; 0000 0191 // TWI disabled
                 ; 0000 0192 TWCR=0x00;
000210 e0e0      	LDI  R30,LOW(0)
000211 93e0 00bc 	STS  188,R30
                 ; 0000 0193 
                 ; 0000 0194 // Global enable interrupts
                 ; 0000 0195 #asm("sei")
000213 9478      	sei
                 ; 0000 0196 
                 ; 0000 0197 
                 ; 0000 0198 }
000214 9508      	RET
                 	#ifndef __SLEEP_DEFINED__
                 	#endif
                 
                 	.CSEG
                 _putchar:
000215 93aa      	ST   -Y,R26
                 _0x2000006:
000216 91e0 00c0 	LDS  R30,192
000218 72e0      	ANDI R30,LOW(0x20)
000219 f3e1      	BREQ _0x2000006
00021a 81e8      	LD   R30,Y
00021b 93e0 00c6 	STS  198,R30
00021d 9621      	ADIW R28,1
00021e 9508      	RET
                 _put_usart_G100:
00021f 93ba      	ST   -Y,R27
000220 93aa      	ST   -Y,R26
000221 81aa      	LDD  R26,Y+2
000222 dff2      	RCALL _putchar
000223 81a8      	LD   R26,Y
000224 81b9      	LDD  R27,Y+1
000225 91ed      	LD   R30,X+
000226 91fd      	LD   R31,X+
000227 9631      	ADIW R30,1
000228 93fe      	ST   -X,R31
000229 93ee      	ST   -X,R30
00022a 9623      	ADIW R28,3
00022b 9508      	RET
                 __print_G100:
00022c 93ba      	ST   -Y,R27
00022d 93aa      	ST   -Y,R26
00022e 9726      	SBIW R28,6
00022f 940e 042b 	CALL __SAVELOCR6
000231 e010      	LDI  R17,0
000232 85ac      	LDD  R26,Y+12
000233 85bd      	LDD  R27,Y+12+1
000234 e0e0      	LDI  R30,LOW(0)
000235 e0f0      	LDI  R31,HIGH(0)
000236 93ed      	ST   X+,R30
000237 93fc      	ST   X,R31
                 _0x200001C:
000238 89ea      	LDD  R30,Y+18
000239 89fb      	LDD  R31,Y+18+1
00023a 9631      	ADIW R30,1
00023b 8bea      	STD  Y+18,R30
00023c 8bfb      	STD  Y+18+1,R31
00023d 9731      	SBIW R30,1
00023e 91e4      	LPM  R30,Z
00023f 2f2e      	MOV  R18,R30
000240 30e0      	CPI  R30,0
000241 f411      	BRNE PC+3
000242 940c 035b 	JMP _0x200001E
000244 2fe1      	MOV  R30,R17
000245 30e0      	CPI  R30,0
000246 f439      	BRNE _0x2000022
000247 3225      	CPI  R18,37
000248 f411      	BRNE _0x2000023
000249 e011      	LDI  R17,LOW(1)
00024a c002      	RJMP _0x2000024
                 _0x2000023:
00024b 940e 03ec 	CALL SUBOPT_0x0
                 _0x2000024:
00024d c10c      	RJMP _0x2000021
                 _0x2000022:
00024e 30e1      	CPI  R30,LOW(0x1)
00024f f4a9      	BRNE _0x2000025
000250 3225      	CPI  R18,37
000251 f419      	BRNE _0x2000026
000252 940e 03ec 	CALL SUBOPT_0x0
000254 c104      	RJMP _0x20000CF
                 _0x2000026:
000255 e012      	LDI  R17,LOW(2)
000256 e040      	LDI  R20,LOW(0)
000257 e000      	LDI  R16,LOW(0)
000258 322d      	CPI  R18,45
000259 f411      	BRNE _0x2000027
00025a e001      	LDI  R16,LOW(1)
00025b c0fe      	RJMP _0x2000021
                 _0x2000027:
00025c 322b      	CPI  R18,43
00025d f411      	BRNE _0x2000028
00025e e24b      	LDI  R20,LOW(43)
00025f c0fa      	RJMP _0x2000021
                 _0x2000028:
000260 3220      	CPI  R18,32
000261 f411      	BRNE _0x2000029
000262 e240      	LDI  R20,LOW(32)
000263 c0f6      	RJMP _0x2000021
                 _0x2000029:
000264 c002      	RJMP _0x200002A
                 _0x2000025:
000265 30e2      	CPI  R30,LOW(0x2)
000266 f439      	BRNE _0x200002B
                 _0x200002A:
000267 e050      	LDI  R21,LOW(0)
000268 e013      	LDI  R17,LOW(3)
000269 3320      	CPI  R18,48
00026a f411      	BRNE _0x200002C
00026b 6800      	ORI  R16,LOW(128)
00026c c0ed      	RJMP _0x2000021
                 _0x200002C:
00026d c004      	RJMP _0x200002D
                 _0x200002B:
00026e 30e3      	CPI  R30,LOW(0x3)
00026f f011      	BREQ PC+3
000270 940c 035a 	JMP _0x2000021
                 _0x200002D:
000272 3320      	CPI  R18,48
000273 f010      	BRLO _0x2000030
000274 332a      	CPI  R18,58
000275 f008      	BRLO _0x2000031
                 _0x2000030:
000276 c007      	RJMP _0x200002F
                 _0x2000031:
000277 e0aa      	LDI  R26,LOW(10)
000278 9f5a      	MUL  R21,R26
000279 2d50      	MOV  R21,R0
00027a 2fe2      	MOV  R30,R18
00027b 53e0      	SUBI R30,LOW(48)
00027c 0f5e      	ADD  R21,R30
00027d c0dc      	RJMP _0x2000021
                 _0x200002F:
00027e 2fe2      	MOV  R30,R18
00027f 36e3      	CPI  R30,LOW(0x63)
000280 f449      	BRNE _0x2000035
000281 940e 03f3 	CALL SUBOPT_0x1
000283 89e8      	LDD  R30,Y+16
000284 89f9      	LDD  R31,Y+16+1
000285 81a4      	LDD  R26,Z+4
000286 93aa      	ST   -Y,R26
000287 940e 03f9 	CALL SUBOPT_0x2
000289 c0cf      	RJMP _0x2000036
                 _0x2000035:
00028a 37e3      	CPI  R30,LOW(0x73)
00028b f441      	BRNE _0x2000038
00028c 940e 03f3 	CALL SUBOPT_0x1
00028e 940e 03ff 	CALL SUBOPT_0x3
000290 940e 03d3 	CALL _strlen
000292 2f1e      	MOV  R17,R30
000293 c00a      	RJMP _0x2000039
                 _0x2000038:
000294 37e0      	CPI  R30,LOW(0x70)
000295 f461      	BRNE _0x200003B
000296 940e 03f3 	CALL SUBOPT_0x1
000298 940e 03ff 	CALL SUBOPT_0x3
00029a 940e 03df 	CALL _strlenf
00029c 2f1e      	MOV  R17,R30
00029d 6008      	ORI  R16,LOW(8)
                 _0x2000039:
00029e 6002      	ORI  R16,LOW(2)
00029f 770f      	ANDI R16,LOW(127)
0002a0 e030      	LDI  R19,LOW(0)
0002a1 c035      	RJMP _0x200003C
                 _0x200003B:
0002a2 36e4      	CPI  R30,LOW(0x64)
0002a3 f011      	BREQ _0x200003F
0002a4 36e9      	CPI  R30,LOW(0x69)
0002a5 f411      	BRNE _0x2000040
                 _0x200003F:
0002a6 6004      	ORI  R16,LOW(4)
0002a7 c002      	RJMP _0x2000041
                 _0x2000040:
0002a8 37e5      	CPI  R30,LOW(0x75)
0002a9 f431      	BRNE _0x2000042
                 _0x2000041:
0002aa eee4      	LDI  R30,LOW(_tbl10_G100*2)
0002ab e0f0      	LDI  R31,HIGH(_tbl10_G100*2)
0002ac 83ee      	STD  Y+6,R30
0002ad 83ff      	STD  Y+6+1,R31
0002ae e015      	LDI  R17,LOW(5)
0002af c00d      	RJMP _0x2000043
                 _0x2000042:
0002b0 35e8      	CPI  R30,LOW(0x58)
0002b1 f411      	BRNE _0x2000045
0002b2 6008      	ORI  R16,LOW(8)
0002b3 c004      	RJMP _0x2000046
                 _0x2000045:
0002b4 37e8      	CPI  R30,LOW(0x78)
0002b5 f011      	BREQ PC+3
0002b6 940c 0359 	JMP _0x2000077
                 _0x2000046:
0002b8 eeee      	LDI  R30,LOW(_tbl16_G100*2)
0002b9 e0f0      	LDI  R31,HIGH(_tbl16_G100*2)
0002ba 83ee      	STD  Y+6,R30
0002bb 83ff      	STD  Y+6+1,R31
0002bc e014      	LDI  R17,LOW(4)
                 _0x2000043:
0002bd ff02      	SBRS R16,2
0002be c014      	RJMP _0x2000048
0002bf 940e 03f3 	CALL SUBOPT_0x1
0002c1 940e 0409 	CALL SUBOPT_0x4
0002c3 85ab      	LDD  R26,Y+11
0002c4 23aa      	TST  R26
0002c5 f43a      	BRPL _0x2000049
0002c6 85ea      	LDD  R30,Y+10
0002c7 85fb      	LDD  R31,Y+10+1
0002c8 940e 0415 	CALL __ANEGW1
0002ca 87ea      	STD  Y+10,R30
0002cb 87fb      	STD  Y+10+1,R31
0002cc e24d      	LDI  R20,LOW(45)
                 _0x2000049:
0002cd 3040      	CPI  R20,0
0002ce f011      	BREQ _0x200004A
0002cf 5f1f      	SUBI R17,-LOW(1)
0002d0 c001      	RJMP _0x200004B
                 _0x200004A:
0002d1 7f0b      	ANDI R16,LOW(251)
                 _0x200004B:
0002d2 c004      	RJMP _0x200004C
                 _0x2000048:
0002d3 940e 03f3 	CALL SUBOPT_0x1
0002d5 940e 0409 	CALL SUBOPT_0x4
                 _0x200004C:
                 _0x200003C:
0002d7 fd00      	SBRC R16,0
0002d8 c011      	RJMP _0x200004D
                 _0x200004E:
0002d9 1715      	CP   R17,R21
0002da f478      	BRSH _0x2000050
0002db ff07      	SBRS R16,7
0002dc c008      	RJMP _0x2000051
0002dd ff02      	SBRS R16,2
0002de c004      	RJMP _0x2000052
0002df 7f0b      	ANDI R16,LOW(251)
0002e0 2f24      	MOV  R18,R20
0002e1 5011      	SUBI R17,LOW(1)
0002e2 c001      	RJMP _0x2000053
                 _0x2000052:
0002e3 e320      	LDI  R18,LOW(48)
                 _0x2000053:
0002e4 c001      	RJMP _0x2000054
                 _0x2000051:
0002e5 e220      	LDI  R18,LOW(32)
                 _0x2000054:
0002e6 940e 03ec 	CALL SUBOPT_0x0
0002e8 5051      	SUBI R21,LOW(1)
0002e9 cfef      	RJMP _0x200004E
                 _0x2000050:
                 _0x200004D:
0002ea 2f31      	MOV  R19,R17
0002eb ff01      	SBRS R16,1
0002ec c017      	RJMP _0x2000055
                 _0x2000056:
0002ed 3030      	CPI  R19,0
0002ee f0a1      	BREQ _0x2000058
0002ef ff03      	SBRS R16,3
0002f0 c006      	RJMP _0x2000059
0002f1 81ee      	LDD  R30,Y+6
0002f2 81ff      	LDD  R31,Y+6+1
0002f3 9125      	LPM  R18,Z+
0002f4 83ee      	STD  Y+6,R30
0002f5 83ff      	STD  Y+6+1,R31
0002f6 c005      	RJMP _0x200005A
                 _0x2000059:
0002f7 81ae      	LDD  R26,Y+6
0002f8 81bf      	LDD  R27,Y+6+1
0002f9 912d      	LD   R18,X+
0002fa 83ae      	STD  Y+6,R26
0002fb 83bf      	STD  Y+6+1,R27
                 _0x200005A:
0002fc 940e 03ec 	CALL SUBOPT_0x0
0002fe 3050      	CPI  R21,0
0002ff f009      	BREQ _0x200005B
000300 5051      	SUBI R21,LOW(1)
                 _0x200005B:
000301 5031      	SUBI R19,LOW(1)
000302 cfea      	RJMP _0x2000056
                 _0x2000058:
000303 c04b      	RJMP _0x200005C
                 _0x2000055:
                 _0x200005E:
000304 e320      	LDI  R18,LOW(48)
000305 81ee      	LDD  R30,Y+6
000306 81ff      	LDD  R31,Y+6+1
000307 940e 0422 	CALL __GETW1PF
000309 87e8      	STD  Y+8,R30
00030a 87f9      	STD  Y+8+1,R31
00030b 81ee      	LDD  R30,Y+6
00030c 81ff      	LDD  R31,Y+6+1
00030d 9632      	ADIW R30,2
00030e 83ee      	STD  Y+6,R30
00030f 83ff      	STD  Y+6+1,R31
                 _0x2000060:
000310 85e8      	LDD  R30,Y+8
000311 85f9      	LDD  R31,Y+8+1
000312 85aa      	LDD  R26,Y+10
000313 85bb      	LDD  R27,Y+10+1
000314 17ae      	CP   R26,R30
000315 07bf      	CPC  R27,R31
000316 f050      	BRLO _0x2000062
000317 5f2f      	SUBI R18,-LOW(1)
000318 85a8      	LDD  R26,Y+8
000319 85b9      	LDD  R27,Y+8+1
00031a 85ea      	LDD  R30,Y+10
00031b 85fb      	LDD  R31,Y+10+1
00031c 1bea      	SUB  R30,R26
00031d 0bfb      	SBC  R31,R27
00031e 87ea      	STD  Y+10,R30
00031f 87fb      	STD  Y+10+1,R31
000320 cfef      	RJMP _0x2000060
                 _0x2000062:
000321 332a      	CPI  R18,58
000322 f028      	BRLO _0x2000063
000323 ff03      	SBRS R16,3
000324 c002      	RJMP _0x2000064
000325 5f29      	SUBI R18,-LOW(7)
000326 c001      	RJMP _0x2000065
                 _0x2000064:
000327 5d29      	SUBI R18,-LOW(39)
                 _0x2000065:
                 _0x2000063:
000328 fd04      	SBRC R16,4
000329 c01a      	RJMP _0x2000067
00032a 3321      	CPI  R18,49
00032b f420      	BRSH _0x2000069
00032c 85a8      	LDD  R26,Y+8
00032d 85b9      	LDD  R27,Y+8+1
00032e 9711      	SBIW R26,1
00032f f409      	BRNE _0x2000068
                 _0x2000069:
000330 c009      	RJMP _0x20000D0
                 _0x2000068:
000331 1753      	CP   R21,R19
000332 f010      	BRLO _0x200006D
000333 ff00      	SBRS R16,0
000334 c001      	RJMP _0x200006E
                 _0x200006D:
000335 c013      	RJMP _0x200006C
                 _0x200006E:
000336 e220      	LDI  R18,LOW(32)
000337 ff07      	SBRS R16,7
000338 c00b      	RJMP _0x200006F
000339 e320      	LDI  R18,LOW(48)
                 _0x20000D0:
00033a 6100      	ORI  R16,LOW(16)
00033b ff02      	SBRS R16,2
00033c c007      	RJMP _0x2000070
00033d 7f0b      	ANDI R16,LOW(251)
00033e 934a      	ST   -Y,R20
00033f 940e 03f9 	CALL SUBOPT_0x2
000341 3050      	CPI  R21,0
000342 f009      	BREQ _0x2000071
000343 5051      	SUBI R21,LOW(1)
                 _0x2000071:
                 _0x2000070:
                 _0x200006F:
                 _0x2000067:
000344 940e 03ec 	CALL SUBOPT_0x0
000346 3050      	CPI  R21,0
000347 f009      	BREQ _0x2000072
000348 5051      	SUBI R21,LOW(1)
                 _0x2000072:
                 _0x200006C:
000349 5031      	SUBI R19,LOW(1)
00034a 85a8      	LDD  R26,Y+8
00034b 85b9      	LDD  R27,Y+8+1
00034c 9712      	SBIW R26,2
00034d f008      	BRLO _0x200005F
00034e cfb5      	RJMP _0x200005E
                 _0x200005F:
                 _0x200005C:
00034f ff00      	SBRS R16,0
000350 c008      	RJMP _0x2000073
                 _0x2000074:
000351 3050      	CPI  R21,0
000352 f031      	BREQ _0x2000076
000353 5051      	SUBI R21,LOW(1)
000354 e2e0      	LDI  R30,LOW(32)
000355 93ea      	ST   -Y,R30
000356 940e 03f9 	CALL SUBOPT_0x2
000358 cff8      	RJMP _0x2000074
                 _0x2000076:
                 _0x2000073:
                 _0x2000077:
                 _0x2000036:
                 _0x20000CF:
000359 e010      	LDI  R17,LOW(0)
                 _0x2000021:
00035a cedd      	RJMP _0x200001C
                 _0x200001E:
00035b 85ac      	LDD  R26,Y+12
00035c 85bd      	LDD  R27,Y+12+1
00035d 940e 041e 	CALL __GETW1P
00035f 940e 0432 	CALL __LOADLOCR6
000361 9664      	ADIW R28,20
000362 9508      	RET
                 _printf:
000363 92ff      	PUSH R15
000364 2ef8      	MOV  R15,R24
000365 9726      	SBIW R28,6
000366 931a      	ST   -Y,R17
000367 930a      	ST   -Y,R16
000368 01de      	MOVW R26,R28
000369 9614      	ADIW R26,4
00036a 940e 0411 	CALL __ADDW2R15
00036c 018d      	MOVW R16,R26
00036d e0e0      	LDI  R30,LOW(0)
00036e 83ec      	STD  Y+4,R30
00036f 83ed      	STD  Y+4+1,R30
000370 83ee      	STD  Y+6,R30
000371 83ef      	STD  Y+6+1,R30
000372 01de      	MOVW R26,R28
000373 9618      	ADIW R26,8
000374 940e 0411 	CALL __ADDW2R15
000376 940e 041e 	CALL __GETW1P
000378 93fa      	ST   -Y,R31
000379 93ea      	ST   -Y,R30
00037a 931a      	ST   -Y,R17
00037b 930a      	ST   -Y,R16
00037c e1ef      	LDI  R30,LOW(_put_usart_G100)
00037d e0f2      	LDI  R31,HIGH(_put_usart_G100)
00037e 93fa      	ST   -Y,R31
00037f 93ea      	ST   -Y,R30
000380 01de      	MOVW R26,R28
000381 9618      	ADIW R26,8
000382 dea9      	RCALL __print_G100
000383 8119      	LDD  R17,Y+1
000384 8108      	LDD  R16,Y+0
000385 9628      	ADIW R28,8
000386 90ff      	POP  R15
000387 9508      	RET
                 
                 	.CSEG
                 _atoi:
000388 93ba      	ST   -Y,R27
000389 93aa      	ST   -Y,R26
00038a 81b9         	ldd  r27,y+1
00038b 81a8         	ld   r26,y
                 __atoi0:
00038c 91ec         	ld   r30,x
00038d 2f8a              mov  r24,r26
00038e 2fae      	MOV  R26,R30
00038f 940e 03c8 	CALL _isspace
000391 2fa8              mov  r26,r24
000392 23ee         	tst  r30
000393 f011         	breq __atoi1
000394 9611         	adiw r26,1
000395 cff6         	rjmp __atoi0
                 __atoi1:
000396 94e8         	clt
000397 91ec         	ld   r30,x
000398 32ed         	cpi  r30,'-'
000399 f411         	brne __atoi2
00039a 9468         	set
00039b c002         	rjmp __atoi3
                 __atoi2:
00039c 32eb         	cpi  r30,'+'
00039d f409         	brne __atoi4
                 __atoi3:
00039e 9611         	adiw r26,1
                 __atoi4:
00039f 2766         	clr  r22
0003a0 2777         	clr  r23
                 __atoi5:
0003a1 91ec         	ld   r30,x
0003a2 2f8a              mov  r24,r26
0003a3 2fae      	MOV  R26,R30
0003a4 940e 03bf 	CALL _isdigit
0003a6 2fa8              mov  r26,r24
0003a7 23ee         	tst  r30
0003a8 f079         	breq __atoi6
0003a9 01fb         	movw r30,r22
0003aa 0f66         	lsl  r22
0003ab 1f77         	rol  r23
0003ac 0f66         	lsl  r22
0003ad 1f77         	rol  r23
0003ae 0f6e         	add  r22,r30
0003af 1f7f         	adc  r23,r31
0003b0 0f66         	lsl  r22
0003b1 1f77         	rol  r23
0003b2 91ed         	ld   r30,x+
0003b3 27ff         	clr  r31
0003b4 53e0         	subi r30,'0'
0003b5 0f6e         	add  r22,r30
0003b6 1f7f         	adc  r23,r31
0003b7 cfe9         	rjmp __atoi5
                 __atoi6:
0003b8 01fb         	movw r30,r22
0003b9 f41e         	brtc __atoi7
0003ba 95e0         	com  r30
0003bb 95f0         	com  r31
0003bc 9631         	adiw r30,1
                 __atoi7:
0003bd 9622         	adiw r28,2
0003be 9508         	ret
                 
                 	.DSEG
                 
                 	.CSEG
                 
                 	.CSEG
                 _isdigit:
0003bf 93aa      	ST   -Y,R26
0003c0 e0e1          ldi  r30,1
0003c1 91f9          ld   r31,y+
0003c2 33f0          cpi  r31,'0'
0003c3 f010          brlo isdigit0
0003c4 33fa          cpi  r31,'9'+1
0003c5 f008          brlo isdigit1
                 isdigit0:
0003c6 27ee          clr  r30
                 isdigit1:
0003c7 9508          ret
                 _isspace:
0003c8 93aa      	ST   -Y,R26
0003c9 e0e1          ldi  r30,1
0003ca 91f9          ld   r31,y+
0003cb 32f0          cpi  r31,' '
0003cc f029          breq isspace1
0003cd 30f9          cpi  r31,9
0003ce f010          brlo isspace0
0003cf 30fe          cpi  r31,13+1
0003d0 f008          brlo isspace1
                 isspace0:
0003d1 27ee          clr  r30
                 isspace1:
0003d2 9508          ret
                 
                 	.CSEG
                 _strlen:
0003d3 93ba      	ST   -Y,R27
0003d4 93aa      	ST   -Y,R26
0003d5 91a9          ld   r26,y+
0003d6 91b9          ld   r27,y+
0003d7 27ee          clr  r30
0003d8 27ff          clr  r31
                 strlen0:
0003d9 916d          ld   r22,x+
0003da 2366          tst  r22
0003db f011          breq strlen1
0003dc 9631          adiw r30,1
0003dd cffb          rjmp strlen0
                 strlen1:
0003de 9508          ret
                 _strlenf:
0003df 93ba      	ST   -Y,R27
0003e0 93aa      	ST   -Y,R26
0003e1 27aa          clr  r26
0003e2 27bb          clr  r27
0003e3 91e9          ld   r30,y+
0003e4 91f9          ld   r31,y+
                 strlenf0:
0003e5 9005      	lpm  r0,z+
0003e6 2000          tst  r0
0003e7 f011          breq strlenf1
0003e8 9611          adiw r26,1
0003e9 cffb          rjmp strlenf0
                 strlenf1:
0003ea 01fd          movw r30,r26
0003eb 9508          ret
                 
                 	.CSEG
                 
                 	.DSEG
                 _Data1:
000a00           	.BYTE 0x4
                 _Data2:
000a04           	.BYTE 0x4
                 __seed_G101:
000a08           	.BYTE 0x4
                 
                 	.CSEG
                 ;OPTIMIZER ADDED SUBROUTINE, CALLED 5 TIMES, CODE SIZE REDUCTION:13 WORDS
                 SUBOPT_0x0:
0003ec 932a      	ST   -Y,R18
0003ed 85ad      	LDD  R26,Y+13
0003ee 85be      	LDD  R27,Y+13+1
0003ef 85ef      	LDD  R30,Y+15
0003f0 89f8      	LDD  R31,Y+15+1
0003f1 9509      	ICALL
0003f2 9508      	RET
                 
                 ;OPTIMIZER ADDED SUBROUTINE, CALLED 5 TIMES, CODE SIZE REDUCTION:9 WORDS
                 SUBOPT_0x1:
0003f3 89e8      	LDD  R30,Y+16
0003f4 89f9      	LDD  R31,Y+16+1
0003f5 9734      	SBIW R30,4
0003f6 8be8      	STD  Y+16,R30
0003f7 8bf9      	STD  Y+16+1,R31
0003f8 9508      	RET
                 
                 ;OPTIMIZER ADDED SUBROUTINE, CALLED 3 TIMES, CODE SIZE REDUCTION:3 WORDS
                 SUBOPT_0x2:
0003f9 85ad      	LDD  R26,Y+13
0003fa 85be      	LDD  R27,Y+13+1
0003fb 85ef      	LDD  R30,Y+15
0003fc 89f8      	LDD  R31,Y+15+1
0003fd 9509      	ICALL
0003fe 9508      	RET
                 
                 ;OPTIMIZER ADDED SUBROUTINE, CALLED 2 TIMES, CODE SIZE REDUCTION:4 WORDS
                 SUBOPT_0x3:
0003ff 89a8      	LDD  R26,Y+16
000400 89b9      	LDD  R27,Y+16+1
000401 9614      	ADIW R26,4
000402 940e 041e 	CALL __GETW1P
000404 83ee      	STD  Y+6,R30
000405 83ff      	STD  Y+6+1,R31
000406 81ae      	LDD  R26,Y+6
000407 81bf      	LDD  R27,Y+6+1
000408 9508      	RET
                 
                 ;OPTIMIZER ADDED SUBROUTINE, CALLED 2 TIMES, CODE SIZE REDUCTION:2 WORDS
                 SUBOPT_0x4:
000409 89a8      	LDD  R26,Y+16
00040a 89b9      	LDD  R27,Y+16+1
00040b 9614      	ADIW R26,4
00040c 940e 041e 	CALL __GETW1P
00040e 87ea      	STD  Y+10,R30
00040f 87fb      	STD  Y+10+1,R31
000410 9508      	RET
                 
                 
                 	.CSEG
                 __ADDW2R15:
000411 2400      	CLR  R0
000412 0daf      	ADD  R26,R15
000413 1db0      	ADC  R27,R0
000414 9508      	RET
                 
                 __ANEGW1:
000415 95f1      	NEG  R31
000416 95e1      	NEG  R30
000417 40f0      	SBCI R31,0
000418 9508      	RET
                 
                 __CWD1:
000419 2f6f      	MOV  R22,R31
00041a 0f66      	ADD  R22,R22
00041b 0b66      	SBC  R22,R22
00041c 2f76      	MOV  R23,R22
00041d 9508      	RET
                 
                 __GETW1P:
00041e 91ed      	LD   R30,X+
00041f 91fc      	LD   R31,X
000420 9711      	SBIW R26,1
000421 9508      	RET
                 
                 __GETW1PF:
000422 9005      	LPM  R0,Z+
000423 91f4      	LPM  R31,Z
000424 2de0      	MOV  R30,R0
000425 9508      	RET
                 
                 __PUTPARD1:
000426 937a      	ST   -Y,R23
000427 936a      	ST   -Y,R22
000428 93fa      	ST   -Y,R31
000429 93ea      	ST   -Y,R30
00042a 9508      	RET
                 
                 __SAVELOCR6:
00042b 935a      	ST   -Y,R21
                 __SAVELOCR5:
00042c 934a      	ST   -Y,R20
                 __SAVELOCR4:
00042d 933a      	ST   -Y,R19
                 __SAVELOCR3:
00042e 932a      	ST   -Y,R18
                 __SAVELOCR2:
00042f 931a      	ST   -Y,R17
000430 930a      	ST   -Y,R16
000431 9508      	RET
                 
                 __LOADLOCR6:
000432 815d      	LDD  R21,Y+5
                 __LOADLOCR5:
000433 814c      	LDD  R20,Y+4
                 __LOADLOCR4:
000434 813b      	LDD  R19,Y+3
                 __LOADLOCR3:
000435 812a      	LDD  R18,Y+2
                 __LOADLOCR2:
000436 8119      	LDD  R17,Y+1
000437 8108      	LD   R16,Y
000438 9508      	RET
                 
                 ;END OF CODE MARKER
                 __END_OF_CODE:


RESOURCE USE INFORMATION
------------------------

Notice:
The register and instruction counts are symbol table hit counts,
and hence implicitly used resources are not counted, eg, the
'lpm' instruction without operands implicitly uses r0 and z,
none of which are counted.

x,y,z are separate entities in the symbol table and are
counted separately from r26..r31 here.

.dseg memory usage only counts static data declared with .byte

ATmega2560 register use summary:
r0 :  11 r1 :   1 r2 :   0 r3 :   2 r4 :   2 r5 :   2 r6 :   2 r7 :   4 
r8 :   0 r9 :   5 r10:   4 r11:   0 r12:   0 r13:   0 r14:   0 r15:   4 
r16:  39 r17:  21 r18:  27 r19:   8 r20:   9 r21:  17 r22:  19 r23:   8 
r24:  15 r25:   2 r26:  71 r27:  30 r28:  12 r29:   1 r30: 279 r31:  72 
x  :  17 y  : 144 z  :  15 
Registers used: 29 out of 35 (82.9%)

ATmega2560 instruction use summary:
.lds  :   0 .lds.l:   0 .sts  :   0 .sts.l:   0 adc   :   3 add   :   5 
adiw  :  19 and   :   0 andi  :   5 asr   :   0 bclr  :   0 bld   :   0 
brbc  :   0 brbs  :   0 brcc  :   0 brcs  :   0 break :   0 breq  :  16 
brge  :   0 brhc  :   0 brhs  :   0 brid  :   0 brie  :   0 brlo  :  10 
brlt  :   0 brmi  :   0 brne  :  29 brpl  :   1 brsh  :   2 brtc  :   1 
brts  :   0 brvc  :   0 brvs  :   0 bset  :   0 bst   :   0 call  :  38 
cbi   :   0 cbr   :   1 clc   :   0 clh   :   0 cli   :   1 cln   :   0 
clr   :  18 cls   :   0 clt   :   1 clv   :   0 clz   :   0 com   :   2 
cp    :   3 cpc   :   3 cpi   :  42 cpse  :   0 dec   :   1 des   :   0 
eicall:   0 eijmp :   0 elpm  :   0 eor   :   0 fmul  :   0 fmuls :   0 
fmulsu:   0 icall :   2 ijmp  :   0 in    :   5 inc   :   2 jmp   :  61 
ld    :  26 ldd   :  58 ldi   :  78 lds   :   1 lpm   :  14 lsl   :   3 
lsr   :   0 mov   :  32 movw  :  10 mul   :   1 muls  :   0 mulsu :   0 
neg   :   2 nop   :   0 or    :   0 ori   :   6 out   :  33 pop   :   1 
push  :   1 rcall :   4 ret   :  24 reti  :   1 rjmp  :  56 rol   :   3 
ror   :   0 sbc   :   2 sbci  :   3 sbi   :   0 sbic  :   0 sbis  :   0 
sbiw  :  11 sbr   :   0 sbrc  :   2 sbrs  :  10 sec   :   0 seh   :   0 
sei   :   1 sen   :   0 ser   :   0 ses   :   0 set   :   1 sev   :   0 
sez   :   0 sleep :   0 spm   :   0 st    :  52 std   :  28 sts   : 101 
sub   :   1 subi  :  16 swap  :   0 tst   :   5 wdr   :   1 
Instructions used: 57 out of 119 (47.9%)

ATmega2560 memory use summary [bytes]:
Segment   Begin    End      Code   Data   Used    Size   Use%
---------------------------------------------------------------
[.cseg] 0x000000 0x000872   2116     46   2162  262144   0.8%
[.dseg] 0x000200 0x000a0c      0     12     12    8703   0.1%
[.eseg] 0x000000 0x000000      0      0      0    4096   0.0%

Assembly complete, 0 errors, 8 warnings
